{"/home/travis/build/npmtest/node-npmtest-artyom.js/test.js":{"path":"/home/travis/build/npmtest/node-npmtest-artyom.js/test.js","s":{"1":2,"2":2,"3":2,"4":2,"5":2,"6":2,"7":2,"8":1,"9":2,"10":2,"11":1,"12":1,"13":1,"14":1,"15":2,"16":2,"17":2,"18":2,"19":1,"20":1,"21":2,"22":2,"23":2,"24":1,"25":1,"26":1,"27":1,"28":1,"29":1,"30":1,"31":1,"32":1,"33":1,"34":1,"35":1,"36":1,"37":1,"38":1,"39":2,"40":2,"41":1,"42":2,"43":2,"44":1,"45":2,"46":2,"47":1,"48":2,"49":2,"50":1,"51":1,"52":1,"53":1,"54":1},"b":{"1":[2,1,1,1],"2":[1,1,1,1],"3":[1,1],"4":[1,1],"5":[1,1],"6":[1,1],"7":[1,1],"8":[1,1],"9":[1,1],"10":[1,1,1],"11":[1,1],"12":[1,1],"13":[1,1],"14":[1,1],"15":[1,1],"16":[1,1],"17":[1,1]},"f":{"1":2,"2":2,"3":2,"4":2,"5":2,"6":1,"7":1,"8":1,"9":2,"10":2,"11":2,"12":2,"13":1},"fnMap":{"1":{"name":"(anonymous_1)","line":12,"loc":{"start":{"line":12,"column":1},"end":{"line":12,"column":13}}},"2":{"name":"(anonymous_2)","line":19,"loc":{"start":{"line":19,"column":5},"end":{"line":19,"column":17}}},"3":{"name":"(anonymous_3)","line":23,"loc":{"start":{"line":23,"column":24},"end":{"line":23,"column":36}}},"4":{"name":"(anonymous_4)","line":61,"loc":{"start":{"line":61,"column":5},"end":{"line":61,"column":17}}},"5":{"name":"(anonymous_5)","line":82,"loc":{"start":{"line":82,"column":5},"end":{"line":82,"column":17}}},"6":{"name":"(anonymous_6)","line":91,"loc":{"start":{"line":91,"column":77},"end":{"line":94,"column":10}}},"7":{"name":"(anonymous_7)","line":112,"loc":{"start":{"line":112,"column":83},"end":{"line":115,"column":10}},"skip":true},"8":{"name":"(anonymous_8)","line":123,"loc":{"start":{"line":123,"column":77},"end":{"line":126,"column":10}},"skip":true},"9":{"name":"(anonymous_9)","line":139,"loc":{"start":{"line":139,"column":12},"end":{"line":139,"column":40}},"skip":true},"10":{"name":"(anonymous_10)","line":147,"loc":{"start":{"line":147,"column":77},"end":{"line":150,"column":10}},"skip":true},"11":{"name":"(anonymous_11)","line":158,"loc":{"start":{"line":158,"column":83},"end":{"line":161,"column":10}},"skip":true},"12":{"name":"(anonymous_12)","line":169,"loc":{"start":{"line":169,"column":79},"end":{"line":172,"column":10}},"skip":true},"13":{"name":"(anonymous_13)","line":180,"loc":{"start":{"line":180,"column":75},"end":{"line":183,"column":10}},"skip":true}},"statementMap":{"1":{"start":{"line":12,"column":0},"end":{"line":195,"column":5}},"2":{"start":{"line":14,"column":4},"end":{"line":14,"column":14}},"3":{"start":{"line":19,"column":4},"end":{"line":56,"column":9}},"4":{"start":{"line":21,"column":8},"end":{"line":21,"column":19}},"5":{"start":{"line":23,"column":8},"end":{"line":35,"column":13}},"6":{"start":{"line":24,"column":12},"end":{"line":34,"column":13}},"7":{"start":{"line":25,"column":16},"end":{"line":28,"column":30}},"8":{"start":{"line":30,"column":16},"end":{"line":33,"column":27}},"9":{"start":{"line":37,"column":8},"end":{"line":39,"column":21}},"10":{"start":{"line":40,"column":8},"end":{"line":53,"column":9}},"11":{"start":{"line":43,"column":12},"end":{"line":46,"column":14}},"12":{"start":{"line":47,"column":12},"end":{"line":47,"column":18}},"13":{"start":{"line":50,"column":12},"end":{"line":51,"column":33}},"14":{"start":{"line":52,"column":12},"end":{"line":52,"column":18}},"15":{"start":{"line":55,"column":8},"end":{"line":55,"column":35}},"16":{"start":{"line":61,"column":4},"end":{"line":63,"column":9}},"17":{"start":{"line":62,"column":8},"end":{"line":62,"column":15}},"18":{"start":{"line":64,"column":4},"end":{"line":77,"column":5}},"19":{"start":{"line":70,"column":8},"end":{"line":70,"column":14}},"20":{"start":{"line":76,"column":8},"end":{"line":76,"column":14}},"21":{"start":{"line":82,"column":4},"end":{"line":84,"column":9}},"22":{"start":{"line":83,"column":8},"end":{"line":83,"column":15}},"23":{"start":{"line":85,"column":4},"end":{"line":194,"column":5}},"24":{"start":{"line":91,"column":8},"end":{"line":99,"column":10}},"25":{"start":{"line":98,"column":12},"end":{"line":98,"column":35}},"26":{"start":{"line":102,"column":8},"end":{"line":104,"column":63}},"27":{"start":{"line":105,"column":8},"end":{"line":105,"column":14}},"28":{"start":{"line":112,"column":8},"end":{"line":121,"column":10},"skip":true},"29":{"start":{"line":119,"column":12},"end":{"line":119,"column":55},"skip":true},"30":{"start":{"line":120,"column":12},"end":{"line":120,"column":48},"skip":true},"31":{"start":{"line":123,"column":8},"end":{"line":136,"column":10},"skip":true},"32":{"start":{"line":130,"column":12},"end":{"line":130,"column":76},"skip":true},"33":{"start":{"line":131,"column":12},"end":{"line":131,"column":73},"skip":true},"34":{"start":{"line":132,"column":12},"end":{"line":132,"column":74},"skip":true},"35":{"start":{"line":133,"column":12},"end":{"line":133,"column":79},"skip":true},"36":{"start":{"line":134,"column":12},"end":{"line":134,"column":25},"skip":true},"37":{"start":{"line":135,"column":12},"end":{"line":135,"column":45},"skip":true},"38":{"start":{"line":138,"column":8},"end":{"line":145,"column":14},"skip":true},"39":{"start":{"line":143,"column":16},"end":{"line":143,"column":29},"skip":true},"40":{"start":{"line":144,"column":16},"end":{"line":144,"column":55},"skip":true},"41":{"start":{"line":147,"column":8},"end":{"line":156,"column":10},"skip":true},"42":{"start":{"line":154,"column":12},"end":{"line":154,"column":25},"skip":true},"43":{"start":{"line":155,"column":12},"end":{"line":155,"column":45},"skip":true},"44":{"start":{"line":158,"column":8},"end":{"line":167,"column":10},"skip":true},"45":{"start":{"line":165,"column":12},"end":{"line":165,"column":25},"skip":true},"46":{"start":{"line":166,"column":12},"end":{"line":166,"column":48},"skip":true},"47":{"start":{"line":169,"column":8},"end":{"line":178,"column":10},"skip":true},"48":{"start":{"line":176,"column":12},"end":{"line":176,"column":25},"skip":true},"49":{"start":{"line":177,"column":12},"end":{"line":177,"column":46},"skip":true},"50":{"start":{"line":180,"column":8},"end":{"line":189,"column":10},"skip":true},"51":{"start":{"line":187,"column":12},"end":{"line":187,"column":94},"skip":true},"52":{"start":{"line":188,"column":12},"end":{"line":188,"column":48},"skip":true},"53":{"start":{"line":192,"column":8},"end":{"line":192,"column":35},"skip":true},"54":{"start":{"line":193,"column":8},"end":{"line":193,"column":14},"skip":true}},"branchMap":{"1":{"line":25,"type":"binary-expr","locations":[{"start":{"line":25,"column":23},"end":{"line":25,"column":62}},{"start":{"line":26,"column":20},"end":{"line":26,"column":70}},{"start":{"line":27,"column":20},"end":{"line":27,"column":71}},{"start":{"line":28,"column":20},"end":{"line":28,"column":29}}]},"2":{"line":30,"type":"binary-expr","locations":[{"start":{"line":30,"column":23},"end":{"line":30,"column":37}},{"start":{"line":31,"column":20},"end":{"line":31,"column":61}},{"start":{"line":32,"column":20},"end":{"line":32,"column":70}},{"start":{"line":33,"column":20},"end":{"line":33,"column":26}}]},"3":{"line":37,"type":"cond-expr","locations":[{"start":{"line":38,"column":14},"end":{"line":38,"column":20}},{"start":{"line":39,"column":14},"end":{"line":39,"column":20}}]},"4":{"line":40,"type":"switch","locations":[{"start":{"line":42,"column":8},"end":{"line":47,"column":18}},{"start":{"line":49,"column":8},"end":{"line":52,"column":18}}]},"5":{"line":44,"type":"binary-expr","locations":[{"start":{"line":44,"column":16},"end":{"line":44,"column":44}},{"start":{"line":44,"column":48},"end":{"line":44,"column":66}}]},"6":{"line":50,"type":"binary-expr","locations":[{"start":{"line":50,"column":21},"end":{"line":50,"column":49}},{"start":{"line":50,"column":53},"end":{"line":50,"column":72}}]},"7":{"line":64,"type":"switch","locations":[{"start":{"line":69,"column":4},"end":{"line":70,"column":14}},{"start":{"line":75,"column":4},"end":{"line":76,"column":14}}]},"8":{"line":85,"type":"switch","locations":[{"start":{"line":90,"column":4},"end":{"line":105,"column":14}},{"start":{"line":111,"column":4},"end":{"line":193,"column":14},"skip":true}]},"9":{"line":91,"type":"binary-expr","locations":[{"start":{"line":91,"column":42},"end":{"line":91,"column":73}},{"start":{"line":91,"column":77},"end":{"line":99,"column":9}}]},"10":{"line":102,"type":"binary-expr","locations":[{"start":{"line":102,"column":18},"end":{"line":102,"column":32}},{"start":{"line":103,"column":12},"end":{"line":103,"column":53}},{"start":{"line":104,"column":12},"end":{"line":104,"column":61}}]},"11":{"line":112,"type":"binary-expr","locations":[{"start":{"line":112,"column":45},"end":{"line":112,"column":79},"skip":true},{"start":{"line":112,"column":83},"end":{"line":121,"column":9},"skip":true}]},"12":{"line":123,"type":"binary-expr","locations":[{"start":{"line":123,"column":42},"end":{"line":123,"column":73},"skip":true},{"start":{"line":123,"column":77},"end":{"line":136,"column":9},"skip":true}]},"13":{"line":138,"type":"binary-expr","locations":[{"start":{"line":138,"column":48},"end":{"line":138,"column":85},"skip":true},{"start":{"line":139,"column":12},"end":{"line":145,"column":13},"skip":true}]},"14":{"line":147,"type":"binary-expr","locations":[{"start":{"line":147,"column":42},"end":{"line":147,"column":73},"skip":true},{"start":{"line":147,"column":77},"end":{"line":156,"column":9},"skip":true}]},"15":{"line":158,"type":"binary-expr","locations":[{"start":{"line":158,"column":45},"end":{"line":158,"column":79},"skip":true},{"start":{"line":158,"column":83},"end":{"line":167,"column":9},"skip":true}]},"16":{"line":169,"type":"binary-expr","locations":[{"start":{"line":169,"column":43},"end":{"line":169,"column":75},"skip":true},{"start":{"line":169,"column":79},"end":{"line":178,"column":9},"skip":true}]},"17":{"line":180,"type":"binary-expr","locations":[{"start":{"line":180,"column":41},"end":{"line":180,"column":71},"skip":true},{"start":{"line":180,"column":75},"end":{"line":189,"column":9},"skip":true}]}},"code":["/* istanbul instrument in package npmtest_artyom_js */","/*jslint","    bitwise: true,","    browser: true,","    maxerr: 8,","    maxlen: 96,","    node: true,","    nomen: true,","    regexp: true,","    stupid: true","*/","(function () {","    'use strict';","    var local;","","","","    // run shared js-env code - pre-init","    (function () {","        // init local","        local = {};","        // init modeJs","        local.modeJs = (function () {","            try {","                return typeof navigator.userAgent === 'string' &&","                    typeof document.querySelector('body') === 'object' &&","                    typeof XMLHttpRequest.prototype.open === 'function' &&","                    'browser';","            } catch (errorCaughtBrowser) {","                return module.exports &&","                    typeof process.versions.node === 'string' &&","                    typeof require('http').createServer === 'function' &&","                    'node';","            }","        }());","        // init global","        local.global = local.modeJs === 'browser'","            ? window","            : global;","        switch (local.modeJs) {","        // re-init local from window.local","        case 'browser':","            local = local.global.utility2.objectSetDefault(","                local.global.utility2_rollup || local.global.local,","                local.global.utility2","            );","            break;","        // re-init local from example.js","        case 'node':","            local = (local.global.utility2_rollup || require('utility2'))","                .requireReadme();","            break;","        }","        // export local","        local.global.local = local;","    }());","","","","    // run shared js-env code - function","    (function () {","        return;","    }());","    switch (local.modeJs) {","","","","    // run browser js-env code - function","    case 'browser':","        break;","","","","    // run node js-env code - function","    case 'node':","        break;","    }","","","","    // run shared js-env code - post-init","    (function () {","        return;","    }());","    switch (local.modeJs) {","","","","    // run browser js-env code - post-init","    case 'browser':","        local.testCase_browser_nullCase = local.testCase_browser_nullCase || function (","            options,","            onError","        ) {","        /*","         * this function will test browsers's null-case handling-behavior-behavior","         */","            onError(null, options);","        };","","        // run tests","        local.nop(local.modeTest &&","            document.querySelector('#testRunButton1') &&","            document.querySelector('#testRunButton1').click());","        break;","","","","    // run node js-env code - post-init","    /* istanbul ignore next */","    case 'node':","        local.testCase_buildApidoc_default = local.testCase_buildApidoc_default || function (","            options,","            onError","        ) {","        /*","         * this function will test buildApidoc's default handling-behavior-behavior","         */","            options = { modulePathList: module.paths };","            local.buildApidoc(options, onError);","        };","","        local.testCase_buildApp_default = local.testCase_buildApp_default || function (","            options,","            onError","        ) {","        /*","         * this function will test buildApp's default handling-behavior-behavior","         */","            local.testCase_buildReadme_default(options, local.onErrorThrow);","            local.testCase_buildLib_default(options, local.onErrorThrow);","            local.testCase_buildTest_default(options, local.onErrorThrow);","            local.testCase_buildCustomOrg_default(options, local.onErrorThrow);","            options = [];","            local.buildApp(options, onError);","        };","","        local.testCase_buildCustomOrg_default = local.testCase_buildCustomOrg_default ||","            function (options, onError) {","            /*","             * this function will test buildCustomOrg's default handling-behavior","             */","                options = {};","                local.buildCustomOrg(options, onError);","            };","","        local.testCase_buildLib_default = local.testCase_buildLib_default || function (","            options,","            onError","        ) {","        /*","         * this function will test buildLib's default handling-behavior","         */","            options = {};","            local.buildLib(options, onError);","        };","","        local.testCase_buildReadme_default = local.testCase_buildReadme_default || function (","            options,","            onError","        ) {","        /*","         * this function will test buildReadme's default handling-behavior-behavior","         */","            options = {};","            local.buildReadme(options, onError);","        };","","        local.testCase_buildTest_default = local.testCase_buildTest_default || function (","            options,","            onError","        ) {","        /*","         * this function will test buildTest's default handling-behavior","         */","            options = {};","            local.buildTest(options, onError);","        };","","        local.testCase_webpage_default = local.testCase_webpage_default || function (","            options,","            onError","        ) {","        /*","         * this function will test webpage's default handling-behavior","         */","            options = { modeCoverageMerge: true, url: local.serverLocalHost + '?modeTest=1' };","            local.browserTest(options, onError);","        };","","        // run test-server","        local.testRunServer(local);","        break;","    }","}());",""],"l":{"12":2,"14":2,"19":2,"21":2,"23":2,"24":2,"25":2,"30":1,"37":2,"40":2,"43":1,"47":1,"50":1,"52":1,"55":2,"61":2,"62":2,"64":2,"70":1,"76":1,"82":2,"83":2,"85":2,"91":1,"98":1,"102":1,"105":1,"112":1,"119":1,"120":1,"123":1,"130":1,"131":1,"132":1,"133":1,"134":1,"135":1,"138":1,"143":2,"144":2,"147":1,"154":2,"155":2,"158":1,"165":2,"166":2,"169":1,"176":2,"177":2,"180":1,"187":1,"188":1,"192":1,"193":1}},"/home/travis/build/npmtest/node-npmtest-artyom.js/lib.npmtest_artyom.js.js":{"path":"/home/travis/build/npmtest/node-npmtest-artyom.js/lib.npmtest_artyom.js.js","s":{"1":2,"2":2,"3":2,"4":2,"5":2,"6":2,"7":2,"8":1,"9":2,"10":2,"11":2,"12":2,"13":1,"14":1,"15":1,"16":1},"b":{"1":[2,1,1,1],"2":[1,1,1,1],"3":[1,1],"4":[2,2],"5":[1,1]},"f":{"1":2,"2":2,"3":2},"fnMap":{"1":{"name":"(anonymous_1)","line":12,"loc":{"start":{"line":12,"column":1},"end":{"line":12,"column":13}}},"2":{"name":"(anonymous_2)","line":19,"loc":{"start":{"line":19,"column":5},"end":{"line":19,"column":17}}},"3":{"name":"(anonymous_3)","line":23,"loc":{"start":{"line":23,"column":24},"end":{"line":23,"column":36}}}},"statementMap":{"1":{"start":{"line":12,"column":0},"end":{"line":53,"column":5}},"2":{"start":{"line":14,"column":4},"end":{"line":14,"column":14}},"3":{"start":{"line":19,"column":4},"end":{"line":52,"column":9}},"4":{"start":{"line":21,"column":8},"end":{"line":21,"column":19}},"5":{"start":{"line":23,"column":8},"end":{"line":35,"column":13}},"6":{"start":{"line":24,"column":12},"end":{"line":34,"column":13}},"7":{"start":{"line":25,"column":16},"end":{"line":28,"column":30}},"8":{"start":{"line":30,"column":16},"end":{"line":33,"column":27}},"9":{"start":{"line":37,"column":8},"end":{"line":39,"column":21}},"10":{"start":{"line":41,"column":8},"end":{"line":41,"column":54}},"11":{"start":{"line":43,"column":8},"end":{"line":43,"column":54}},"12":{"start":{"line":45,"column":8},"end":{"line":51,"column":9}},"13":{"start":{"line":46,"column":12},"end":{"line":46,"column":60}},"14":{"start":{"line":48,"column":12},"end":{"line":48,"column":35}},"15":{"start":{"line":49,"column":12},"end":{"line":49,"column":49}},"16":{"start":{"line":50,"column":12},"end":{"line":50,"column":43}}},"branchMap":{"1":{"line":25,"type":"binary-expr","locations":[{"start":{"line":25,"column":23},"end":{"line":25,"column":62}},{"start":{"line":26,"column":20},"end":{"line":26,"column":70}},{"start":{"line":27,"column":20},"end":{"line":27,"column":71}},{"start":{"line":28,"column":20},"end":{"line":28,"column":29}}]},"2":{"line":30,"type":"binary-expr","locations":[{"start":{"line":30,"column":23},"end":{"line":30,"column":37}},{"start":{"line":31,"column":20},"end":{"line":31,"column":61}},{"start":{"line":32,"column":20},"end":{"line":32,"column":70}},{"start":{"line":33,"column":20},"end":{"line":33,"column":26}}]},"3":{"line":37,"type":"cond-expr","locations":[{"start":{"line":38,"column":14},"end":{"line":38,"column":20}},{"start":{"line":39,"column":14},"end":{"line":39,"column":20}}]},"4":{"line":41,"type":"binary-expr","locations":[{"start":{"line":41,"column":16},"end":{"line":41,"column":44}},{"start":{"line":41,"column":48},"end":{"line":41,"column":53}}]},"5":{"line":45,"type":"if","locations":[{"start":{"line":45,"column":8},"end":{"line":45,"column":8}},{"start":{"line":45,"column":8},"end":{"line":45,"column":8}}]}},"code":["/* istanbul instrument in package npmtest_artyom_js */","/*jslint","    bitwise: true,","    browser: true,","    maxerr: 8,","    maxlen: 96,","    node: true,","    nomen: true,","    regexp: true,","    stupid: true","*/","(function () {","    'use strict';","    var local;","","","","    // run shared js-env code - pre-init","    (function () {","        // init local","        local = {};","        // init modeJs","        local.modeJs = (function () {","            try {","                return typeof navigator.userAgent === 'string' &&","                    typeof document.querySelector('body') === 'object' &&","                    typeof XMLHttpRequest.prototype.open === 'function' &&","                    'browser';","            } catch (errorCaughtBrowser) {","                return module.exports &&","                    typeof process.versions.node === 'string' &&","                    typeof require('http').createServer === 'function' &&","                    'node';","            }","        }());","        // init global","        local.global = local.modeJs === 'browser'","            ? window","            : global;","        // init utility2_rollup","        local = local.global.utility2_rollup || local;","        // init lib","        local.local = local.npmtest_artyom_js = local;","        // init exports","        if (local.modeJs === 'browser') {","            local.global.utility2_npmtest_artyom_js = local;","        } else {","            module.exports = local;","            module.exports.__dirname = __dirname;","            module.exports.module = module;","        }","    }());","}());",""],"l":{"12":2,"14":2,"19":2,"21":2,"23":2,"24":2,"25":2,"30":1,"37":2,"41":2,"43":2,"45":2,"46":1,"48":1,"49":1,"50":1}},"/home/travis/build/npmtest/node-npmtest-artyom.js/example.js":{"path":"/home/travis/build/npmtest/node-npmtest-artyom.js/example.js","s":{"1":2,"2":2,"3":2,"4":2,"5":2,"6":2,"7":2,"8":1,"9":2,"10":2,"11":2,"12":2,"13":1,"14":2,"15":2,"16":2,"17":2,"18":2,"19":0,"20":2,"21":1,"22":1,"23":1,"24":1,"25":1,"26":0,"27":0,"28":1,"29":1,"30":2,"31":0,"32":0,"33":0,"34":1,"35":2,"36":2,"37":3,"38":3,"39":3,"40":3,"41":0,"42":3,"43":3,"44":3,"45":1,"46":3,"47":1,"48":1,"49":1,"50":1,"51":1,"52":1,"53":1,"54":1,"55":1,"56":1,"57":0,"58":1,"59":6,"60":6,"61":1,"62":2,"63":0,"64":2,"65":1,"66":1,"67":0,"68":0,"69":0,"70":0,"71":0,"72":0,"73":0,"74":0,"75":0,"76":0,"77":0,"78":0,"79":0,"80":0,"81":0,"82":0,"83":0},"b":{"1":[2,1,1,1],"2":[1,1,1,1],"3":[1,1],"4":[2,2],"5":[1,1],"6":[1,1],"7":[2,0],"8":[2,1,1,1,1,1],"9":[0,2,0],"10":[1,1],"11":[2,1,1],"12":[1,0],"13":[0,2],"14":[2,0,0,0,0,0,0],"15":[0,3],"16":[3,0],"17":[1,1],"18":[0,1],"19":[1,2,0,2],"20":[1,0],"21":[1,1],"22":[0,0],"23":[0,0],"24":[0,0],"25":[0,0],"26":[0,0],"27":[0,0],"28":[0,0]},"f":{"1":2,"2":2,"3":2,"4":2,"5":2,"6":2,"7":3,"8":3,"9":3,"10":1,"11":6,"12":0},"fnMap":{"1":{"name":"(anonymous_1)","line":26,"loc":{"start":{"line":26,"column":1},"end":{"line":26,"column":13}}},"2":{"name":"(anonymous_2)","line":33,"loc":{"start":{"line":33,"column":5},"end":{"line":33,"column":17}}},"3":{"name":"(anonymous_3)","line":37,"loc":{"start":{"line":37,"column":24},"end":{"line":37,"column":36}}},"4":{"name":"(anonymous_4)","line":69,"loc":{"start":{"line":69,"column":31},"end":{"line":69,"column":48}},"skip":true},"5":{"name":"(anonymous_5)","line":78,"loc":{"start":{"line":78,"column":26},"end":{"line":78,"column":45}},"skip":true},"6":{"name":"(anonymous_6)","line":123,"loc":{"start":{"line":123,"column":33},"end":{"line":123,"column":48}},"skip":true},"7":{"name":"(anonymous_7)","line":125,"loc":{"start":{"line":125,"column":27},"end":{"line":125,"column":39}},"skip":true},"8":{"name":"(anonymous_8)","line":133,"loc":{"start":{"line":133,"column":59},"end":{"line":133,"column":74}},"skip":true},"9":{"name":"(anonymous_9)","line":143,"loc":{"start":{"line":143,"column":45},"end":{"line":143,"column":62}},"skip":true},"10":{"name":"(anonymous_10)","line":144,"loc":{"start":{"line":144,"column":73},"end":{"line":144,"column":92}},"skip":true},"11":{"name":"(anonymous_11)","line":272,"loc":{"start":{"line":272,"column":51},"end":{"line":272,"column":77}},"skip":true},"12":{"name":"(anonymous_12)","line":315,"loc":{"start":{"line":315,"column":32},"end":{"line":315,"column":61}},"skip":true}},"statementMap":{"1":{"start":{"line":26,"column":0},"end":{"line":326,"column":5}},"2":{"start":{"line":28,"column":4},"end":{"line":28,"column":14}},"3":{"start":{"line":33,"column":4},"end":{"line":60,"column":9}},"4":{"start":{"line":35,"column":8},"end":{"line":35,"column":19}},"5":{"start":{"line":37,"column":8},"end":{"line":49,"column":13}},"6":{"start":{"line":38,"column":12},"end":{"line":48,"column":13}},"7":{"start":{"line":39,"column":16},"end":{"line":42,"column":30}},"8":{"start":{"line":44,"column":16},"end":{"line":47,"column":27}},"9":{"start":{"line":51,"column":8},"end":{"line":53,"column":21}},"10":{"start":{"line":55,"column":8},"end":{"line":57,"column":45}},"11":{"start":{"line":59,"column":8},"end":{"line":59,"column":35}},"12":{"start":{"line":61,"column":4},"end":{"line":325,"column":5}},"13":{"start":{"line":69,"column":8},"end":{"line":121,"column":10},"skip":true},"14":{"start":{"line":70,"column":12},"end":{"line":88,"column":13},"skip":true},"15":{"start":{"line":76,"column":16},"end":{"line":87,"column":19},"skip":true},"16":{"start":{"line":79,"column":20},"end":{"line":86,"column":21},"skip":true},"17":{"start":{"line":82,"column":24},"end":{"line":82,"column":43},"skip":true},"18":{"start":{"line":83,"column":24},"end":{"line":83,"column":30},"skip":true},"19":{"start":{"line":85,"column":24},"end":{"line":85,"column":49},"skip":true},"20":{"start":{"line":89,"column":12},"end":{"line":107,"column":13},"skip":true},"21":{"start":{"line":92,"column":16},"end":{"line":102,"column":17},"skip":true},"22":{"start":{"line":93,"column":20},"end":{"line":93,"column":86},"skip":true},"23":{"start":{"line":94,"column":20},"end":{"line":95,"column":45},"skip":true},"24":{"start":{"line":96,"column":20},"end":{"line":96,"column":42},"skip":true},"25":{"start":{"line":97,"column":20},"end":{"line":97,"column":48},"skip":true},"26":{"start":{"line":100,"column":20},"end":{"line":100,"column":85},"skip":true},"27":{"start":{"line":101,"column":20},"end":{"line":101,"column":96},"skip":true},"28":{"start":{"line":103,"column":16},"end":{"line":103,"column":22},"skip":true},"29":{"start":{"line":106,"column":16},"end":{"line":106,"column":22},"skip":true},"30":{"start":{"line":108,"column":12},"end":{"line":120,"column":13},"skip":true},"31":{"start":{"line":114,"column":16},"end":{"line":119,"column":17},"skip":true},"32":{"start":{"line":116,"column":20},"end":{"line":116,"column":78},"skip":true},"33":{"start":{"line":118,"column":20},"end":{"line":118,"column":47},"skip":true},"34":{"start":{"line":123,"column":8},"end":{"line":141,"column":11},"skip":true},"35":{"start":{"line":124,"column":12},"end":{"line":124,"column":54},"skip":true},"36":{"start":{"line":125,"column":12},"end":{"line":140,"column":14},"skip":true},"37":{"start":{"line":126,"column":16},"end":{"line":126,"column":28},"skip":true},"38":{"start":{"line":127,"column":16},"end":{"line":127,"column":69},"skip":true},"39":{"start":{"line":128,"column":16},"end":{"line":128,"column":75},"skip":true},"40":{"start":{"line":129,"column":16},"end":{"line":131,"column":17},"skip":true},"41":{"start":{"line":130,"column":20},"end":{"line":130,"column":27},"skip":true},"42":{"start":{"line":133,"column":16},"end":{"line":137,"column":36},"skip":true},"43":{"start":{"line":134,"column":20},"end":{"line":136,"column":55},"skip":true},"44":{"start":{"line":139,"column":16},"end":{"line":139,"column":57},"skip":true},"45":{"start":{"line":143,"column":8},"end":{"line":147,"column":11},"skip":true},"46":{"start":{"line":144,"column":12},"end":{"line":146,"column":15},"skip":true},"47":{"start":{"line":145,"column":16},"end":{"line":145,"column":70},"skip":true},"48":{"start":{"line":149,"column":8},"end":{"line":149,"column":31},"skip":true},"49":{"start":{"line":150,"column":8},"end":{"line":150,"column":14},"skip":true},"50":{"start":{"line":158,"column":8},"end":{"line":158,"column":31},"skip":true},"51":{"start":{"line":160,"column":8},"end":{"line":160,"column":33},"skip":true},"52":{"start":{"line":161,"column":8},"end":{"line":161,"column":37},"skip":true},"53":{"start":{"line":162,"column":8},"end":{"line":162,"column":35},"skip":true},"54":{"start":{"line":164,"column":8},"end":{"line":164,"column":50},"skip":true},"55":{"start":{"line":166,"column":8},"end":{"line":256,"column":2},"skip":true},"56":{"start":{"line":258,"column":8},"end":{"line":286,"column":9},"skip":true},"57":{"start":{"line":259,"column":12},"end":{"line":269,"column":14},"skip":true},"58":{"start":{"line":271,"column":12},"end":{"line":285,"column":19},"skip":true},"59":{"start":{"line":274,"column":20},"end":{"line":274,"column":35},"skip":true},"60":{"start":{"line":275,"column":20},"end":{"line":284,"column":21},"skip":true},"61":{"start":{"line":277,"column":24},"end":{"line":277,"column":64},"skip":true},"62":{"start":{"line":279,"column":24},"end":{"line":279,"column":40},"skip":true},"63":{"start":{"line":281,"column":24},"end":{"line":281,"column":40},"skip":true},"64":{"start":{"line":283,"column":24},"end":{"line":283,"column":39},"skip":true},"65":{"start":{"line":288,"column":8},"end":{"line":290,"column":9},"skip":true},"66":{"start":{"line":289,"column":12},"end":{"line":289,"column":18},"skip":true},"67":{"start":{"line":291,"column":8},"end":{"line":293,"column":54},"skip":true},"68":{"start":{"line":296,"column":8},"end":{"line":301,"column":37},"skip":true},"69":{"start":{"line":303,"column":8},"end":{"line":303,"column":82},"skip":true},"70":{"start":{"line":306,"column":8},"end":{"line":308,"column":9},"skip":true},"71":{"start":{"line":307,"column":12},"end":{"line":307,"column":82},"skip":true},"72":{"start":{"line":310,"column":8},"end":{"line":312,"column":9},"skip":true},"73":{"start":{"line":311,"column":12},"end":{"line":311,"column":18},"skip":true},"74":{"start":{"line":313,"column":8},"end":{"line":313,"column":54},"skip":true},"75":{"start":{"line":314,"column":8},"end":{"line":314,"column":69},"skip":true},"76":{"start":{"line":315,"column":8},"end":{"line":323,"column":36},"skip":true},"77":{"start":{"line":316,"column":12},"end":{"line":316,"column":61},"skip":true},"78":{"start":{"line":317,"column":12},"end":{"line":320,"column":13},"skip":true},"79":{"start":{"line":318,"column":16},"end":{"line":318,"column":75},"skip":true},"80":{"start":{"line":319,"column":16},"end":{"line":319,"column":23},"skip":true},"81":{"start":{"line":321,"column":12},"end":{"line":321,"column":38},"skip":true},"82":{"start":{"line":322,"column":12},"end":{"line":322,"column":27},"skip":true},"83":{"start":{"line":324,"column":8},"end":{"line":324,"column":14},"skip":true}},"branchMap":{"1":{"line":39,"type":"binary-expr","locations":[{"start":{"line":39,"column":23},"end":{"line":39,"column":62}},{"start":{"line":40,"column":20},"end":{"line":40,"column":70}},{"start":{"line":41,"column":20},"end":{"line":41,"column":71}},{"start":{"line":42,"column":20},"end":{"line":42,"column":29}}]},"2":{"line":44,"type":"binary-expr","locations":[{"start":{"line":44,"column":23},"end":{"line":44,"column":37}},{"start":{"line":45,"column":20},"end":{"line":45,"column":61}},{"start":{"line":46,"column":20},"end":{"line":46,"column":70}},{"start":{"line":47,"column":20},"end":{"line":47,"column":26}}]},"3":{"line":51,"type":"cond-expr","locations":[{"start":{"line":52,"column":14},"end":{"line":52,"column":20}},{"start":{"line":53,"column":14},"end":{"line":53,"column":20}}]},"4":{"line":55,"type":"binary-expr","locations":[{"start":{"line":55,"column":16},"end":{"line":55,"column":44}},{"start":{"line":55,"column":49},"end":{"line":57,"column":43}}]},"5":{"line":55,"type":"cond-expr","locations":[{"start":{"line":56,"column":14},"end":{"line":56,"column":53}},{"start":{"line":57,"column":14},"end":{"line":57,"column":43}}]},"6":{"line":61,"type":"switch","locations":[{"start":{"line":68,"column":4},"end":{"line":150,"column":14},"skip":true},{"start":{"line":156,"column":4},"end":{"line":324,"column":14},"skip":true}]},"7":{"line":70,"type":"if","locations":[{"start":{"line":70,"column":12},"end":{"line":70,"column":12},"skip":true},{"start":{"line":70,"column":12},"end":{"line":70,"column":12},"skip":true}]},"8":{"line":70,"type":"binary-expr","locations":[{"start":{"line":70,"column":16},"end":{"line":70,"column":22},"skip":true},{"start":{"line":70,"column":27},"end":{"line":70,"column":32},"skip":true},{"start":{"line":71,"column":20},"end":{"line":71,"column":39},"skip":true},{"start":{"line":72,"column":20},"end":{"line":72,"column":49},"skip":true},{"start":{"line":73,"column":20},"end":{"line":73,"column":58},"skip":true},{"start":{"line":74,"column":20},"end":{"line":74,"column":69},"skip":true}]},"9":{"line":79,"type":"switch","locations":[{"start":{"line":80,"column":20},"end":{"line":80,"column":33},"skip":true},{"start":{"line":81,"column":20},"end":{"line":83,"column":30},"skip":true},{"start":{"line":84,"column":20},"end":{"line":85,"column":49},"skip":true}]},"10":{"line":89,"type":"switch","locations":[{"start":{"line":90,"column":12},"end":{"line":103,"column":22},"skip":true},{"start":{"line":105,"column":12},"end":{"line":106,"column":22},"skip":true}]},"11":{"line":89,"type":"binary-expr","locations":[{"start":{"line":89,"column":20},"end":{"line":89,"column":25},"skip":true},{"start":{"line":89,"column":29},"end":{"line":89,"column":48},"skip":true},{"start":{"line":89,"column":52},"end":{"line":89,"column":74},"skip":true}]},"12":{"line":92,"type":"if","locations":[{"start":{"line":92,"column":16},"end":{"line":92,"column":16},"skip":true},{"start":{"line":92,"column":16},"end":{"line":92,"column":16},"skip":true}]},"13":{"line":108,"type":"if","locations":[{"start":{"line":108,"column":12},"end":{"line":108,"column":12},"skip":true},{"start":{"line":108,"column":12},"end":{"line":108,"column":12},"skip":true}]},"14":{"line":108,"type":"binary-expr","locations":[{"start":{"line":108,"column":16},"end":{"line":108,"column":61},"skip":true},{"start":{"line":108,"column":66},"end":{"line":108,"column":72},"skip":true},{"start":{"line":108,"column":77},"end":{"line":108,"column":82},"skip":true},{"start":{"line":109,"column":20},"end":{"line":109,"column":39},"skip":true},{"start":{"line":110,"column":20},"end":{"line":110,"column":49},"skip":true},{"start":{"line":111,"column":20},"end":{"line":111,"column":58},"skip":true},{"start":{"line":112,"column":20},"end":{"line":112,"column":68},"skip":true}]},"15":{"line":129,"type":"if","locations":[{"start":{"line":129,"column":16},"end":{"line":129,"column":16},"skip":true},{"start":{"line":129,"column":16},"end":{"line":129,"column":16},"skip":true}]},"16":{"line":134,"type":"cond-expr","locations":[{"start":{"line":135,"column":26},"end":{"line":135,"column":29},"skip":true},{"start":{"line":136,"column":26},"end":{"line":136,"column":54},"skip":true}]},"17":{"line":164,"type":"binary-expr","locations":[{"start":{"line":164,"column":27},"end":{"line":164,"column":43},"skip":true},{"start":{"line":164,"column":47},"end":{"line":164,"column":49},"skip":true}]},"18":{"line":258,"type":"if","locations":[{"start":{"line":258,"column":8},"end":{"line":258,"column":8},"skip":true},{"start":{"line":258,"column":8},"end":{"line":258,"column":8},"skip":true}]},"19":{"line":275,"type":"switch","locations":[{"start":{"line":276,"column":20},"end":{"line":277,"column":64},"skip":true},{"start":{"line":278,"column":20},"end":{"line":279,"column":40},"skip":true},{"start":{"line":280,"column":20},"end":{"line":281,"column":40},"skip":true},{"start":{"line":282,"column":20},"end":{"line":283,"column":39},"skip":true}]},"20":{"line":288,"type":"if","locations":[{"start":{"line":288,"column":8},"end":{"line":288,"column":8},"skip":true},{"start":{"line":288,"column":8},"end":{"line":288,"column":8},"skip":true}]},"21":{"line":288,"type":"binary-expr","locations":[{"start":{"line":288,"column":12},"end":{"line":288,"column":40},"skip":true},{"start":{"line":288,"column":44},"end":{"line":288,"column":67},"skip":true}]},"22":{"line":292,"type":"binary-expr","locations":[{"start":{"line":292,"column":12},"end":{"line":292,"column":50},"skip":true},{"start":{"line":293,"column":12},"end":{"line":293,"column":53},"skip":true}]},"23":{"line":297,"type":"binary-expr","locations":[{"start":{"line":297,"column":12},"end":{"line":297,"column":67},"skip":true},{"start":{"line":298,"column":12},"end":{"line":301,"column":36},"skip":true}]},"24":{"line":303,"type":"binary-expr","locations":[{"start":{"line":303,"column":43},"end":{"line":303,"column":75},"skip":true},{"start":{"line":303,"column":79},"end":{"line":303,"column":81},"skip":true}]},"25":{"line":306,"type":"if","locations":[{"start":{"line":306,"column":8},"end":{"line":306,"column":8},"skip":true},{"start":{"line":306,"column":8},"end":{"line":306,"column":8},"skip":true}]},"26":{"line":310,"type":"if","locations":[{"start":{"line":310,"column":8},"end":{"line":310,"column":8},"skip":true},{"start":{"line":310,"column":8},"end":{"line":310,"column":8},"skip":true}]},"27":{"line":313,"type":"binary-expr","locations":[{"start":{"line":313,"column":27},"end":{"line":313,"column":43},"skip":true},{"start":{"line":313,"column":47},"end":{"line":313,"column":53},"skip":true}]},"28":{"line":317,"type":"if","locations":[{"start":{"line":317,"column":12},"end":{"line":317,"column":12},"skip":true},{"start":{"line":317,"column":12},"end":{"line":317,"column":12},"skip":true}]}},"code":["/*","example.js","","quickstart example","","instruction","    1. save this script as example.js","    2. run the shell command:","        $ npm install npmtest-artyom.js && PORT=8081 node example.js","    3. play with the browser-demo on http://127.0.0.1:8081","*/","","","","/* istanbul instrument in package npmtest_artyom_js */","/*jslint","    bitwise: true,","    browser: true,","    maxerr: 8,","    maxlen: 96,","    node: true,","    nomen: true,","    regexp: true,","    stupid: true","*/","(function () {","    'use strict';","    var local;","","","","    // run shared js-env code - pre-init","    (function () {","        // init local","        local = {};","        // init modeJs","        local.modeJs = (function () {","            try {","                return typeof navigator.userAgent === 'string' &&","                    typeof document.querySelector('body') === 'object' &&","                    typeof XMLHttpRequest.prototype.open === 'function' &&","                    'browser';","            } catch (errorCaughtBrowser) {","                return module.exports &&","                    typeof process.versions.node === 'string' &&","                    typeof require('http').createServer === 'function' &&","                    'node';","            }","        }());","        // init global","        local.global = local.modeJs === 'browser'","            ? window","            : global;","        // init utility2_rollup","        local = local.global.utility2_rollup || (local.modeJs === 'browser'","            ? local.global.utility2_npmtest_artyom_js","            : global.utility2_moduleExports);","        // export local","        local.global.local = local;","    }());","    switch (local.modeJs) {","","","","    // post-init","    // run browser js-env code - post-init","    /* istanbul ignore next */","    case 'browser':","        local.testRunBrowser = function (event) {","            if (!event || (event &&","                    event.currentTarget &&","                    event.currentTarget.className &&","                    event.currentTarget.className.includes &&","                    event.currentTarget.className.includes('onreset'))) {","                // reset output","                Array.from(","                    document.querySelectorAll('body > .resettable')","                ).forEach(function (element) {","                    switch (element.tagName) {","                    case 'INPUT':","                    case 'TEXTAREA':","                        element.value = '';","                        break;","                    default:","                        element.textContent = '';","                    }","                });","            }","            switch (event && event.currentTarget && event.currentTarget.id) {","            case 'testRunButton1':","                // show tests","                if (document.querySelector('#testReportDiv1').style.display === 'none') {","                    document.querySelector('#testReportDiv1').style.display = 'block';","                    document.querySelector('#testRunButton1').textContent =","                        'hide internal test';","                    local.modeTest = true;","                    local.testRunDefault(local);","                // hide tests","                } else {","                    document.querySelector('#testReportDiv1').style.display = 'none';","                    document.querySelector('#testRunButton1').textContent = 'run internal test';","                }","                break;","            // custom-case","            default:","                break;","            }","            if (document.querySelector('#inputTextareaEval1') && (!event || (event &&","                    event.currentTarget &&","                    event.currentTarget.className &&","                    event.currentTarget.className.includes &&","                    event.currentTarget.className.includes('oneval')))) {","                // try to eval input-code","                try {","                    /*jslint evil: true*/","                    eval(document.querySelector('#inputTextareaEval1').value);","                } catch (errorCaught) {","                    console.error(errorCaught);","                }","            }","        };","        // log stderr and stdout to #outputTextareaStdout1","        ['error', 'log'].forEach(function (key) {","            console[key + '_original'] = console[key];","            console[key] = function () {","                var element;","                console[key + '_original'].apply(console, arguments);","                element = document.querySelector('#outputTextareaStdout1');","                if (!element) {","                    return;","                }","                // append text to #outputTextareaStdout1","                element.value += Array.from(arguments).map(function (arg) {","                    return typeof arg === 'string'","                        ? arg","                        : JSON.stringify(arg, null, 4);","                }).join(' ') + '\\n';","                // scroll textarea to bottom","                element.scrollTop = element.scrollHeight;","            };","        });","        // init event-handling","        ['change', 'click', 'keyup'].forEach(function (event) {","            Array.from(document.querySelectorAll('.on' + event)).forEach(function (element) {","                element.addEventListener(event, local.testRunBrowser);","            });","        });","        // run tests","        local.testRunBrowser();","        break;","","","","    // run node js-env code - post-init","    /* istanbul ignore next */","    case 'node':","        // export local","        module.exports = local;","        // require modules","        local.fs = require('fs');","        local.http = require('http');","        local.url = require('url');","        // init assets","        local.assetsDict = local.assetsDict || {};","        /* jslint-ignore-begin */","        local.assetsDict['/assets.index.template.html'] = '\\","<!doctype html>\\n\\","<html lang=\"en\">\\n\\","<head>\\n\\","<meta charset=\"UTF-8\">\\n\\","<meta name=\"viewport\" content=\"width=device-width, initial-scale=1\">\\n\\","<title>{{env.npm_package_name}} (v{{env.npm_package_version}})</title>\\n\\","<style>\\n\\","/*csslint\\n\\","    box-sizing: false,\\n\\","    universal-selector: false\\n\\","*/\\n\\","* {\\n\\","    box-sizing: border-box;\\n\\","}\\n\\","body {\\n\\","    background: #dde;\\n\\","    font-family: Arial, Helvetica, sans-serif;\\n\\","    margin: 2rem;\\n\\","}\\n\\","body > * {\\n\\","    margin-bottom: 1rem;\\n\\","}\\n\\",".utility2FooterDiv {\\n\\","    margin-top: 20px;\\n\\","    text-align: center;\\n\\","}\\n\\","</style>\\n\\","<style>\\n\\","/*csslint\\n\\","*/\\n\\","textarea {\\n\\","    font-family: monospace;\\n\\","    height: 10rem;\\n\\","    width: 100%;\\n\\","}\\n\\","textarea[readonly] {\\n\\","    background: #ddd;\\n\\","}\\n\\","</style>\\n\\","</head>\\n\\","<body>\\n\\","<!-- utility2-comment\\n\\","<div id=\"ajaxProgressDiv1\" style=\"background: #d00; height: 2px; left: 0; margin: 0; padding: 0; position: fixed; top: 0; transition: background 0.5s, width 1.5s; width: 25%;\"></div>\\n\\","utility2-comment -->\\n\\","<h1>\\n\\","<!-- utility2-comment\\n\\","    <a\\n\\","        {{#if env.npm_package_homepage}}\\n\\","        href=\"{{env.npm_package_homepage}}\"\\n\\","        {{/if env.npm_package_homepage}}\\n\\","        target=\"_blank\"\\n\\","    >\\n\\","utility2-comment -->\\n\\","        {{env.npm_package_name}} (v{{env.npm_package_version}})\\n\\","<!-- utility2-comment\\n\\","    </a>\\n\\","utility2-comment -->\\n\\","</h1>\\n\\","<h3>{{env.npm_package_description}}</h3>\\n\\","<!-- utility2-comment\\n\\","<h4><a download href=\"assets.app.js\">download standalone app</a></h4>\\n\\","<button class=\"onclick onreset\" id=\"testRunButton1\">run internal test</button><br>\\n\\","<div id=\"testReportDiv1\" style=\"display: none;\"></div>\\n\\","utility2-comment -->\\n\\","\\n\\","\\n\\","\\n\\","<label>stderr and stdout</label>\\n\\","<textarea class=\"resettable\" id=\"outputTextareaStdout1\" readonly></textarea>\\n\\","<!-- utility2-comment\\n\\","{{#if isRollup}}\\n\\","<script src=\"assets.app.js\"></script>\\n\\","{{#unless isRollup}}\\n\\","utility2-comment -->\\n\\","<script src=\"assets.utility2.rollup.js\"></script>\\n\\","<script src=\"jsonp.utility2._stateInit?callback=window.utility2._stateInit\"></script>\\n\\","<script src=\"assets.npmtest_artyom_js.rollup.js\"></script>\\n\\","<script src=\"assets.example.js\"></script>\\n\\","<script src=\"assets.test.js\"></script>\\n\\","<!-- utility2-comment\\n\\","{{/if isRollup}}\\n\\","utility2-comment -->\\n\\","<div class=\"utility2FooterDiv\">\\n\\","    [ this app was created with\\n\\","    <a href=\"https://github.com/kaizhu256/node-utility2\" target=\"_blank\">utility2</a>\\n\\","    ]\\n\\","</div>\\n\\","</body>\\n\\","</html>\\n\\","';","        /* jslint-ignore-end */","        if (local.templateRender) {","            local.assetsDict['/'] = local.templateRender(","                local.assetsDict['/assets.index.template.html'],","                {","                    env: local.objectSetDefault(local.env, {","                        npm_package_description: 'the greatest app in the world!',","                        npm_package_name: 'my-app',","                        npm_package_nameAlias: 'my_app',","                        npm_package_version: '0.0.1'","                    })","                }","            );","        } else {","            local.assetsDict['/'] = local.assetsDict['/assets.index.template.html']","                .replace((/\\{\\{env\\.(\\w+?)\\}\\}/g), function (match0, match1) {","                    // jslint-hack","                    String(match0);","                    switch (match1) {","                    case 'npm_package_description':","                        return 'the greatest app in the world!';","                    case 'npm_package_name':","                        return 'my-app';","                    case 'npm_package_nameAlias':","                        return 'my_app';","                    case 'npm_package_version':","                        return '0.0.1';","                    }","                });","        }","        // run the cli","        if (local.global.utility2_rollup || module !== require.main) {","            break;","        }","        local.assetsDict['/assets.example.js'] =","            local.assetsDict['/assets.example.js'] ||","            local.fs.readFileSync(__filename, 'utf8');","        // bug-workaround - long $npm_package_buildCustomOrg","        /* jslint-ignore-begin */","        local.assetsDict['/assets.npmtest_artyom_js.rollup.js'] =","            local.assetsDict['/assets.npmtest_artyom_js.rollup.js'] ||","            local.fs.readFileSync(","                local.npmtest_artyom_js.__dirname + '/lib.npmtest_artyom_js.js',","                'utf8'","            ).replace((/^#!/), '//');","        /* jslint-ignore-end */","        local.assetsDict['/favicon.ico'] = local.assetsDict['/favicon.ico'] || '';","        // if $npm_config_timeout_exit exists,","        // then exit this process after $npm_config_timeout_exit ms","        if (Number(process.env.npm_config_timeout_exit)) {","            setTimeout(process.exit, Number(process.env.npm_config_timeout_exit));","        }","        // start server","        if (local.global.utility2_serverHttp1) {","            break;","        }","        process.env.PORT = process.env.PORT || '8081';","        console.error('server starting on port ' + process.env.PORT);","        local.http.createServer(function (request, response) {","            request.urlParsed = local.url.parse(request.url);","            if (local.assetsDict[request.urlParsed.pathname] !== undefined) {","                response.end(local.assetsDict[request.urlParsed.pathname]);","                return;","            }","            response.statusCode = 404;","            response.end();","        }).listen(process.env.PORT);","        break;","    }","}());",""],"l":{"26":2,"28":2,"33":2,"35":2,"37":2,"38":2,"39":2,"44":1,"51":2,"55":2,"59":2,"61":2,"69":1,"70":2,"76":2,"79":2,"82":2,"83":2,"85":1,"89":2,"92":1,"93":1,"94":1,"96":1,"97":1,"100":1,"101":1,"103":1,"106":1,"108":2,"114":1,"116":1,"118":1,"123":1,"124":2,"125":2,"126":3,"127":3,"128":3,"129":3,"130":1,"133":3,"134":3,"139":3,"143":1,"144":3,"145":1,"149":1,"150":1,"158":1,"160":1,"161":1,"162":1,"164":1,"166":1,"258":1,"259":1,"271":1,"274":6,"275":6,"277":1,"279":2,"281":1,"283":2,"288":1,"289":1,"291":1,"296":1,"303":1,"306":1,"307":1,"310":1,"311":1,"313":1,"314":1,"315":1,"316":1,"317":1,"318":1,"319":1,"321":1,"322":1,"324":1}},"/home/travis/build/npmtest/node-npmtest-artyom.js/node_modules/artyom.js/ts/artyom.js":{"path":"/home/travis/build/npmtest/node-npmtest-artyom.js/node_modules/artyom.js/ts/artyom.js","s":{"1":1,"2":1,"3":1,"4":0,"5":0,"6":0,"7":0,"8":0,"9":0,"10":0,"11":0,"12":0,"13":0,"14":0,"15":0,"16":0,"17":0,"18":0,"19":0,"20":0,"21":0,"22":0,"23":0,"24":0,"25":0,"26":0,"27":0,"28":0,"29":0,"30":0,"31":0,"32":0,"33":0,"34":0,"35":0,"36":0,"37":0,"38":0,"39":0,"40":0,"41":0,"42":0,"43":0,"44":0,"45":0,"46":0,"47":0,"48":0,"49":0,"50":1,"51":0,"52":0,"53":0,"54":0,"55":0,"56":1,"57":1,"58":1,"59":1,"60":0,"61":1,"62":0,"63":1,"64":0,"65":0,"66":0,"67":1,"68":1,"69":1,"70":1,"71":1,"72":0,"73":0,"74":0,"75":0,"76":0,"77":0,"78":0,"79":0,"80":0,"81":0,"82":0,"83":0,"84":0,"85":0,"86":0,"87":0,"88":0,"89":0,"90":0,"91":0,"92":0,"93":0,"94":0,"95":0,"96":0,"97":0,"98":0,"99":0,"100":0,"101":0,"102":0,"103":0,"104":0,"105":0,"106":0,"107":0,"108":0,"109":0,"110":0,"111":0,"112":0,"113":0,"114":0,"115":0,"116":0,"117":0,"118":0,"119":0,"120":0,"121":0,"122":0,"123":0,"124":0,"125":0,"126":0,"127":0,"128":0,"129":0,"130":0,"131":0,"132":0,"133":0,"134":0,"135":0,"136":0,"137":0,"138":0,"139":0,"140":0,"141":0,"142":0,"143":0,"144":0,"145":0,"146":0,"147":0,"148":0,"149":0,"150":0,"151":0,"152":0,"153":0,"154":0,"155":0,"156":0,"157":0,"158":0,"159":0,"160":0,"161":0,"162":0,"163":0,"164":0,"165":0,"166":0,"167":0,"168":0,"169":0,"170":0,"171":0,"172":0,"173":0,"174":0,"175":0,"176":0,"177":0,"178":0,"179":0,"180":0,"181":0,"182":0,"183":0,"184":0,"185":0,"186":0,"187":0,"188":0,"189":0,"190":0,"191":0,"192":0,"193":0,"194":0,"195":0,"196":0,"197":0,"198":0,"199":0,"200":0,"201":0,"202":0,"203":0,"204":0,"205":0,"206":0,"207":0,"208":0,"209":0,"210":0,"211":0,"212":0,"213":0,"214":0,"215":0,"216":0,"217":0,"218":0,"219":0,"220":0,"221":0,"222":0,"223":0,"224":0,"225":0,"226":0,"227":0,"228":0,"229":0,"230":0,"231":0,"232":0,"233":0,"234":0,"235":0,"236":0,"237":0,"238":0,"239":0,"240":0,"241":0,"242":0,"243":0,"244":0,"245":0,"246":0,"247":0,"248":0,"249":0,"250":0,"251":0,"252":0,"253":0,"254":0,"255":0,"256":0,"257":0,"258":0,"259":0,"260":0,"261":0,"262":0,"263":0,"264":0,"265":0,"266":0,"267":0,"268":0,"269":0,"270":0,"271":0,"272":0,"273":0,"274":0,"275":0,"276":0,"277":0,"278":0,"279":0,"280":0,"281":0,"282":0,"283":0,"284":0,"285":0,"286":0,"287":0,"288":0,"289":0,"290":0,"291":0,"292":0,"293":0,"294":0,"295":0,"296":0,"297":0,"298":0,"299":0,"300":0,"301":0,"302":0,"303":0,"304":0,"305":0,"306":0,"307":0,"308":0,"309":0,"310":0,"311":0,"312":0,"313":0,"314":0,"315":0,"316":0,"317":0,"318":0,"319":0,"320":0,"321":0,"322":0,"323":0,"324":0,"325":0,"326":0,"327":0,"328":0,"329":0,"330":0,"331":0,"332":0,"333":0,"334":0,"335":0,"336":0,"337":0,"338":0,"339":0,"340":0,"341":0,"342":0,"343":0,"344":0,"345":0,"346":0,"347":0,"348":0,"349":0,"350":0,"351":0,"352":0,"353":0,"354":0,"355":0,"356":0,"357":0,"358":0,"359":0,"360":0,"361":0,"362":0,"363":0,"364":0,"365":0,"366":0,"367":0,"368":0,"369":0,"370":0,"371":0,"372":0,"373":0,"374":0,"375":0,"376":0,"377":0,"378":0,"379":0,"380":0,"381":0,"382":0,"383":0,"384":0,"385":0,"386":0,"387":0,"388":0,"389":0,"390":0,"391":0,"392":0,"393":0,"394":0,"395":0,"396":0,"397":0,"398":0,"399":0,"400":0,"401":0,"402":0,"403":0,"404":0,"405":0,"406":0,"407":0,"408":0,"409":0,"410":0,"411":0,"412":0,"413":0,"414":0,"415":0,"416":0,"417":0,"418":0,"419":0,"420":0,"421":0,"422":0,"423":0,"424":0,"425":0,"426":0,"427":0,"428":0,"429":0,"430":0,"431":0,"432":0,"433":0,"434":0,"435":0,"436":0,"437":0,"438":0,"439":0,"440":0,"441":0,"442":0,"443":0,"444":0,"445":0,"446":0,"447":0,"448":0,"449":0,"450":0,"451":0,"452":0,"453":0,"454":0,"455":0,"456":0,"457":0,"458":0,"459":0,"460":0,"461":0,"462":0,"463":0,"464":0,"465":0,"466":0,"467":0,"468":0,"469":0,"470":0,"471":0,"472":0,"473":0,"474":0,"475":0,"476":0,"477":0,"478":0,"479":0,"480":0,"481":0,"482":0,"483":0,"484":0,"485":0,"486":0,"487":0,"488":0,"489":0,"490":0,"491":0,"492":0,"493":0,"494":0,"495":0,"496":0,"497":0,"498":0,"499":0,"500":0,"501":0,"502":0,"503":0,"504":0,"505":0,"506":0,"507":0,"508":0,"509":0,"510":0,"511":0,"512":0,"513":0,"514":0,"515":0,"516":0,"517":0,"518":0,"519":0,"520":0,"521":0,"522":0,"523":0,"524":0,"525":0,"526":0,"527":0,"528":0,"529":0,"530":0,"531":0,"532":0,"533":0,"534":0,"535":0,"536":0,"537":0,"538":0,"539":0,"540":0,"541":0,"542":0,"543":0,"544":0,"545":0,"546":0,"547":0,"548":0,"549":0,"550":0,"551":0,"552":0,"553":0,"554":0,"555":0,"556":0,"557":0,"558":0,"559":0,"560":0,"561":0,"562":0,"563":0,"564":0,"565":0,"566":0,"567":0,"568":0,"569":0,"570":0,"571":0,"572":0,"573":0,"574":0,"575":0,"576":0,"577":0,"578":0,"579":0,"580":0,"581":0,"582":0,"583":0,"584":0,"585":0,"586":0,"587":0,"588":0,"589":0,"590":0,"591":0,"592":0,"593":0,"594":0,"595":0,"596":0,"597":0,"598":0,"599":0,"600":0,"601":0,"602":0,"603":0,"604":0,"605":0,"606":0,"607":0,"608":0,"609":0,"610":0,"611":0,"612":0,"613":0,"614":0,"615":0,"616":0,"617":0,"618":0,"619":0,"620":0,"621":0,"622":0,"623":0,"624":0,"625":0,"626":1,"627":1,"628":1,"629":1,"630":0,"631":0,"632":0,"633":0,"634":1,"635":0,"636":0,"637":0,"638":1,"639":1},"b":{"1":[0,0,0,0,0,0,0,0,0,0,0,0,0,0,0,0,0,0],"2":[0,0],"3":[0,0],"4":[0,0],"5":[0,0,0,0,0,0,0],"6":[0,0],"7":[0,0],"8":[0,0],"9":[0,0],"10":[0,0],"11":[0,0],"12":[0,0],"13":[0,0],"14":[0,0],"15":[0,0],"16":[0,0],"17":[0,0],"18":[0,0],"19":[0,0],"20":[0,0],"21":[0,0],"22":[0,0],"23":[0,0],"24":[0,0],"25":[0,0],"26":[0,0],"27":[0,0],"28":[0,0],"29":[0,0],"30":[0,0],"31":[0,0],"32":[0,0],"33":[0,0],"34":[0,0],"35":[0,0],"36":[0,0],"37":[0,0],"38":[0,0],"39":[0,0],"40":[0,0],"41":[0,0],"42":[0,0],"43":[0,0],"44":[0,0],"45":[0,0],"46":[0,0],"47":[0,0],"48":[0,0],"49":[0,0],"50":[0,0],"51":[0,0],"52":[0,0],"53":[0,0],"54":[0,0],"55":[0,0],"56":[0,0],"57":[0,0],"58":[0,0],"59":[0,0],"60":[0,0],"61":[0,0],"62":[0,0],"63":[0,0],"64":[0,0],"65":[0,0],"66":[0,0],"67":[0,0],"68":[0,0],"69":[0,0],"70":[0,0],"71":[0,0],"72":[0,0],"73":[0,0],"74":[0,0],"75":[0,0],"76":[0,0],"77":[0,0],"78":[0,0,0,0],"79":[0,0],"80":[0,0],"81":[0,0],"82":[0,0],"83":[0,0],"84":[0,0],"85":[0,0],"86":[0,0],"87":[0,0],"88":[0,0],"89":[0,0],"90":[0,0],"91":[0,0],"92":[0,0],"93":[0,0],"94":[0,0],"95":[0,0],"96":[0,0],"97":[0,0],"98":[0,0],"99":[0,0],"100":[0,0],"101":[0,0],"102":[0,0],"103":[0,0],"104":[0,0],"105":[0,0],"106":[0,0],"107":[0,0],"108":[0,0],"109":[0,0],"110":[0,0],"111":[0,0],"112":[0,0],"113":[0,0],"114":[0,0],"115":[0,0],"116":[0,0],"117":[0,0],"118":[0,0],"119":[0,0],"120":[0,0],"121":[0,0],"122":[0,0],"123":[0,0],"124":[0,0],"125":[0,0],"126":[0,0],"127":[0,0],"128":[0,0],"129":[0,0],"130":[0,0],"131":[0,0],"132":[0,0],"133":[0,0],"134":[0,0],"135":[0,0],"136":[0,0],"137":[0,0],"138":[0,0],"139":[0,0],"140":[0,0],"141":[0,0],"142":[0,0],"143":[0,0],"144":[0,0],"145":[0,0]},"f":{"1":1,"2":0,"3":0,"4":0,"5":0,"6":0,"7":0,"8":1,"9":0,"10":0,"11":0,"12":0,"13":1,"14":0,"15":0,"16":0,"17":0,"18":0,"19":0,"20":0,"21":0,"22":0,"23":0,"24":0,"25":0,"26":0,"27":0,"28":0,"29":0,"30":0,"31":0,"32":0,"33":0,"34":0,"35":0,"36":0,"37":0,"38":0,"39":0,"40":0,"41":0,"42":0,"43":0,"44":0,"45":0,"46":0,"47":0,"48":0,"49":0,"50":0,"51":0,"52":0,"53":0,"54":0,"55":0,"56":0,"57":0,"58":0,"59":0,"60":0,"61":0,"62":0,"63":0,"64":0,"65":0,"66":0,"67":0,"68":0,"69":0,"70":0,"71":0,"72":0,"73":0,"74":0,"75":0,"76":0,"77":0,"78":1,"79":0,"80":0},"fnMap":{"1":{"name":"(anonymous_1)","line":5,"loc":{"start":{"line":5,"column":23},"end":{"line":5,"column":35}}},"2":{"name":"ArtyomInternals","line":6,"loc":{"start":{"line":6,"column":4},"end":{"line":6,"column":31}}},"3":{"name":"(anonymous_3)","line":15,"loc":{"start":{"line":15,"column":31},"end":{"line":15,"column":55}}},"4":{"name":"(anonymous_4)","line":75,"loc":{"start":{"line":75,"column":43},"end":{"line":75,"column":60}}},"5":{"name":"(anonymous_5)","line":91,"loc":{"start":{"line":91,"column":30},"end":{"line":91,"column":43}}},"6":{"name":"(anonymous_6)","line":119,"loc":{"start":{"line":119,"column":21},"end":{"line":119,"column":40}}},"7":{"name":"(anonymous_7)","line":122,"loc":{"start":{"line":122,"column":24},"end":{"line":122,"column":43}}},"8":{"name":"(anonymous_8)","line":133,"loc":{"start":{"line":133,"column":21},"end":{"line":133,"column":33}}},"9":{"name":"ArtyomHelpers","line":134,"loc":{"start":{"line":134,"column":4},"end":{"line":134,"column":29}}},"10":{"name":"(anonymous_10)","line":140,"loc":{"start":{"line":140,"column":29},"end":{"line":140,"column":41}}},"11":{"name":"(anonymous_11)","line":147,"loc":{"start":{"line":147,"column":35},"end":{"line":147,"column":47}}},"12":{"name":"(anonymous_12)","line":162,"loc":{"start":{"line":162,"column":39},"end":{"line":162,"column":62}}},"13":{"name":"(anonymous_13)","line":198,"loc":{"start":{"line":198,"column":20},"end":{"line":198,"column":32}}},"14":{"name":"ArtyomJsImpl","line":199,"loc":{"start":{"line":199,"column":4},"end":{"line":199,"column":28}}},"15":{"name":"(anonymous_15)","line":204,"loc":{"start":{"line":204,"column":22},"end":{"line":204,"column":34}}},"16":{"name":"(anonymous_16)","line":205,"loc":{"start":{"line":205,"column":22},"end":{"line":205,"column":34}}},"17":{"name":"(anonymous_17)","line":207,"loc":{"start":{"line":207,"column":25},"end":{"line":207,"column":37}}},"18":{"name":"(anonymous_18)","line":210,"loc":{"start":{"line":210,"column":36},"end":{"line":210,"column":48}}},"19":{"name":"(anonymous_19)","line":213,"loc":{"start":{"line":213,"column":26},"end":{"line":213,"column":44}}},"20":{"name":"(anonymous_20)","line":260,"loc":{"start":{"line":260,"column":35},"end":{"line":260,"column":62}}},"21":{"name":"(anonymous_21)","line":266,"loc":{"start":{"line":266,"column":24},"end":{"line":266,"column":36}}},"22":{"name":"(anonymous_22)","line":278,"loc":{"start":{"line":278,"column":27},"end":{"line":278,"column":44}}},"23":{"name":"(anonymous_23)","line":279,"loc":{"start":{"line":279,"column":33},"end":{"line":279,"column":48}}},"24":{"name":"(anonymous_24)","line":299,"loc":{"start":{"line":299,"column":30},"end":{"line":299,"column":52}}},"25":{"name":"(anonymous_25)","line":316,"loc":{"start":{"line":316,"column":29},"end":{"line":316,"column":41}}},"26":{"name":"(anonymous_26)","line":319,"loc":{"start":{"line":319,"column":22},"end":{"line":319,"column":34}}},"27":{"name":"(anonymous_27)","line":328,"loc":{"start":{"line":328,"column":29},"end":{"line":328,"column":41}}},"28":{"name":"(anonymous_28)","line":331,"loc":{"start":{"line":331,"column":20},"end":{"line":331,"column":45}}},"29":{"name":"(anonymous_29)","line":332,"loc":{"start":{"line":332,"column":52},"end":{"line":332,"column":65}}},"30":{"name":"(anonymous_30)","line":336,"loc":{"start":{"line":336,"column":27},"end":{"line":336,"column":39}}},"31":{"name":"(anonymous_31)","line":339,"loc":{"start":{"line":339,"column":26},"end":{"line":339,"column":79}}},"32":{"name":"(anonymous_32)","line":376,"loc":{"start":{"line":376,"column":46},"end":{"line":376,"column":58}}},"33":{"name":"(anonymous_33)","line":393,"loc":{"start":{"line":393,"column":44},"end":{"line":393,"column":56}}},"34":{"name":"(anonymous_34)","line":414,"loc":{"start":{"line":414,"column":35},"end":{"line":414,"column":66}}},"35":{"name":"(anonymous_35)","line":430,"loc":{"start":{"line":430,"column":19},"end":{"line":430,"column":49}}},"36":{"name":"(anonymous_36)","line":440,"loc":{"start":{"line":440,"column":51},"end":{"line":440,"column":75}}},"37":{"name":"(anonymous_37)","line":458,"loc":{"start":{"line":458,"column":59},"end":{"line":458,"column":72}}},"38":{"name":"(anonymous_38)","line":460,"loc":{"start":{"line":460,"column":45},"end":{"line":460,"column":69}}},"39":{"name":"(anonymous_39)","line":481,"loc":{"start":{"line":481,"column":29},"end":{"line":481,"column":53}}},"40":{"name":"(anonymous_40)","line":492,"loc":{"start":{"line":492,"column":31},"end":{"line":492,"column":43}}},"41":{"name":"(anonymous_41)","line":495,"loc":{"start":{"line":495,"column":36},"end":{"line":495,"column":48}}},"42":{"name":"(anonymous_42)","line":498,"loc":{"start":{"line":498,"column":35},"end":{"line":498,"column":55}}},"43":{"name":"(anonymous_43)","line":520,"loc":{"start":{"line":520,"column":29},"end":{"line":520,"column":46}}},"44":{"name":"(anonymous_44)","line":722,"loc":{"start":{"line":722,"column":21},"end":{"line":722,"column":56}}},"45":{"name":"(anonymous_45)","line":740,"loc":{"start":{"line":740,"column":44},"end":{"line":740,"column":62}}},"46":{"name":"(anonymous_46)","line":748,"loc":{"start":{"line":748,"column":25},"end":{"line":748,"column":41}}},"47":{"name":"(anonymous_47)","line":762,"loc":{"start":{"line":762,"column":28},"end":{"line":762,"column":48}}},"48":{"name":"(anonymous_48)","line":771,"loc":{"start":{"line":771,"column":31},"end":{"line":771,"column":48}}},"49":{"name":"(anonymous_49)","line":787,"loc":{"start":{"line":787,"column":23},"end":{"line":787,"column":35}}},"50":{"name":"(anonymous_50)","line":792,"loc":{"start":{"line":792,"column":29},"end":{"line":792,"column":41}}},"51":{"name":"(anonymous_51)","line":796,"loc":{"start":{"line":796,"column":40},"end":{"line":796,"column":52}}},"52":{"name":"(anonymous_52)","line":803,"loc":{"start":{"line":803,"column":38},"end":{"line":803,"column":50}}},"53":{"name":"(anonymous_53)","line":817,"loc":{"start":{"line":817,"column":28},"end":{"line":817,"column":40}}},"54":{"name":"(anonymous_54)","line":826,"loc":{"start":{"line":826,"column":25},"end":{"line":826,"column":43}}},"55":{"name":"(anonymous_55)","line":836,"loc":{"start":{"line":836,"column":24},"end":{"line":836,"column":47}}},"56":{"name":"(anonymous_56)","line":851,"loc":{"start":{"line":851,"column":25},"end":{"line":851,"column":37}}},"57":{"name":"(anonymous_57)","line":856,"loc":{"start":{"line":856,"column":23},"end":{"line":856,"column":35}}},"58":{"name":"(anonymous_58)","line":863,"loc":{"start":{"line":863,"column":25},"end":{"line":863,"column":52}}},"59":{"name":"(anonymous_59)","line":880,"loc":{"start":{"line":880,"column":38},"end":{"line":880,"column":50}}},"60":{"name":"(anonymous_60)","line":892,"loc":{"start":{"line":892,"column":38},"end":{"line":892,"column":55}}},"61":{"name":"(anonymous_61)","line":920,"loc":{"start":{"line":920,"column":36},"end":{"line":920,"column":48}}},"62":{"name":"(anonymous_62)","line":948,"loc":{"start":{"line":948,"column":36},"end":{"line":948,"column":53}}},"63":{"name":"(anonymous_63)","line":1007,"loc":{"start":{"line":1007,"column":36},"end":{"line":1007,"column":53}}},"64":{"name":"(anonymous_64)","line":1066,"loc":{"start":{"line":1066,"column":36},"end":{"line":1066,"column":53}}},"65":{"name":"(anonymous_65)","line":1086,"loc":{"start":{"line":1086,"column":39},"end":{"line":1086,"column":56}}},"66":{"name":"(anonymous_66)","line":1130,"loc":{"start":{"line":1130,"column":28},"end":{"line":1130,"column":40}}},"67":{"name":"(anonymous_67)","line":1133,"loc":{"start":{"line":1133,"column":29},"end":{"line":1133,"column":41}}},"68":{"name":"(anonymous_68)","line":1136,"loc":{"start":{"line":1136,"column":26},"end":{"line":1136,"column":38}}},"69":{"name":"(anonymous_69)","line":1139,"loc":{"start":{"line":1139,"column":38},"end":{"line":1139,"column":50}}},"70":{"name":"(anonymous_70)","line":1143,"loc":{"start":{"line":1143,"column":36},"end":{"line":1143,"column":48}}},"71":{"name":"(anonymous_71)","line":1146,"loc":{"start":{"line":1146,"column":24},"end":{"line":1146,"column":36}}},"72":{"name":"(anonymous_72)","line":1150,"loc":{"start":{"line":1150,"column":20},"end":{"line":1150,"column":32}}},"73":{"name":"(anonymous_73)","line":1154,"loc":{"start":{"line":1154,"column":25},"end":{"line":1154,"column":37}}},"74":{"name":"(anonymous_74)","line":1157,"loc":{"start":{"line":1157,"column":26},"end":{"line":1157,"column":38}}},"75":{"name":"(anonymous_75)","line":1160,"loc":{"start":{"line":1160,"column":18},"end":{"line":1160,"column":44}}},"76":{"name":"(anonymous_76)","line":1162,"loc":{"start":{"line":1162,"column":22},"end":{"line":1162,"column":40}}},"77":{"name":"(anonymous_77)","line":1175,"loc":{"start":{"line":1175,"column":38},"end":{"line":1175,"column":56}}},"78":{"name":"(anonymous_78)","line":1236,"loc":{"start":{"line":1236,"column":21},"end":{"line":1236,"column":33}}},"79":{"name":"ArtyomBuilder","line":1237,"loc":{"start":{"line":1237,"column":4},"end":{"line":1237,"column":29}}},"80":{"name":"(anonymous_80)","line":1243,"loc":{"start":{"line":1243,"column":32},"end":{"line":1243,"column":44}}}},"statementMap":{"1":{"start":{"line":5,"column":0},"end":{"line":129,"column":5}},"2":{"start":{"line":6,"column":4},"end":{"line":7,"column":5}},"3":{"start":{"line":15,"column":4},"end":{"line":84,"column":6}},"4":{"start":{"line":16,"column":8},"end":{"line":16,"column":39}},"5":{"start":{"line":17,"column":8},"end":{"line":70,"column":9}},"6":{"start":{"line":19,"column":16},"end":{"line":19,"column":63}},"7":{"start":{"line":20,"column":16},"end":{"line":20,"column":22}},"8":{"start":{"line":22,"column":16},"end":{"line":22,"column":66}},"9":{"start":{"line":23,"column":16},"end":{"line":23,"column":22}},"10":{"start":{"line":26,"column":16},"end":{"line":26,"column":66}},"11":{"start":{"line":27,"column":16},"end":{"line":27,"column":22}},"12":{"start":{"line":29,"column":16},"end":{"line":29,"column":63}},"13":{"start":{"line":30,"column":16},"end":{"line":30,"column":22}},"14":{"start":{"line":32,"column":16},"end":{"line":32,"column":63}},"15":{"start":{"line":33,"column":16},"end":{"line":33,"column":22}},"16":{"start":{"line":35,"column":16},"end":{"line":35,"column":64}},"17":{"start":{"line":36,"column":16},"end":{"line":36,"column":22}},"18":{"start":{"line":38,"column":16},"end":{"line":38,"column":67}},"19":{"start":{"line":39,"column":16},"end":{"line":39,"column":22}},"20":{"start":{"line":41,"column":16},"end":{"line":41,"column":63}},"21":{"start":{"line":42,"column":16},"end":{"line":42,"column":22}},"22":{"start":{"line":44,"column":16},"end":{"line":44,"column":64}},"23":{"start":{"line":45,"column":16},"end":{"line":45,"column":22}},"24":{"start":{"line":47,"column":16},"end":{"line":47,"column":65}},"25":{"start":{"line":48,"column":16},"end":{"line":48,"column":22}},"26":{"start":{"line":50,"column":16},"end":{"line":50,"column":66}},"27":{"start":{"line":51,"column":16},"end":{"line":51,"column":22}},"28":{"start":{"line":53,"column":16},"end":{"line":53,"column":62}},"29":{"start":{"line":54,"column":16},"end":{"line":54,"column":22}},"30":{"start":{"line":56,"column":16},"end":{"line":56,"column":63}},"31":{"start":{"line":57,"column":16},"end":{"line":57,"column":22}},"32":{"start":{"line":59,"column":16},"end":{"line":59,"column":72}},"33":{"start":{"line":60,"column":16},"end":{"line":60,"column":22}},"34":{"start":{"line":62,"column":16},"end":{"line":62,"column":73}},"35":{"start":{"line":63,"column":16},"end":{"line":63,"column":22}},"36":{"start":{"line":65,"column":16},"end":{"line":65,"column":63}},"37":{"start":{"line":66,"column":16},"end":{"line":66,"column":22}},"38":{"start":{"line":68,"column":16},"end":{"line":68,"column":134}},"39":{"start":{"line":69,"column":16},"end":{"line":69,"column":22}},"40":{"start":{"line":71,"column":8},"end":{"line":71,"column":30}},"41":{"start":{"line":72,"column":8},"end":{"line":72,"column":49}},"42":{"start":{"line":73,"column":8},"end":{"line":73,"column":56}},"43":{"start":{"line":74,"column":8},"end":{"line":82,"column":9}},"44":{"start":{"line":75,"column":12},"end":{"line":77,"column":18}},"45":{"start":{"line":76,"column":16},"end":{"line":76,"column":110}},"46":{"start":{"line":78,"column":12},"end":{"line":81,"column":13}},"47":{"start":{"line":79,"column":16},"end":{"line":79,"column":35}},"48":{"start":{"line":80,"column":16},"end":{"line":80,"column":22}},"49":{"start":{"line":83,"column":8},"end":{"line":83,"column":21}},"50":{"start":{"line":91,"column":4},"end":{"line":127,"column":6}},"51":{"start":{"line":92,"column":8},"end":{"line":116,"column":10}},"52":{"start":{"line":117,"column":8},"end":{"line":125,"column":26}},"53":{"start":{"line":120,"column":16},"end":{"line":120,"column":32}},"54":{"start":{"line":123,"column":16},"end":{"line":123,"column":69}},"55":{"start":{"line":126,"column":8},"end":{"line":126,"column":53}},"56":{"start":{"line":128,"column":4},"end":{"line":128,"column":27}},"57":{"start":{"line":133,"column":0},"end":{"line":169,"column":5}},"58":{"start":{"line":134,"column":4},"end":{"line":135,"column":5}},"59":{"start":{"line":140,"column":4},"end":{"line":142,"column":6}},"60":{"start":{"line":141,"column":8},"end":{"line":141,"column":60}},"61":{"start":{"line":147,"column":4},"end":{"line":155,"column":6}},"62":{"start":{"line":148,"column":8},"end":{"line":154,"column":57}},"63":{"start":{"line":162,"column":4},"end":{"line":166,"column":6}},"64":{"start":{"line":163,"column":8},"end":{"line":163,"column":63}},"65":{"start":{"line":164,"column":8},"end":{"line":164,"column":38}},"66":{"start":{"line":165,"column":8},"end":{"line":165,"column":21}},"67":{"start":{"line":168,"column":4},"end":{"line":168,"column":25}},"68":{"start":{"line":170,"column":0},"end":{"line":179,"column":2}},"69":{"start":{"line":180,"column":0},"end":{"line":197,"column":2}},"70":{"start":{"line":198,"column":0},"end":{"line":1224,"column":5}},"71":{"start":{"line":199,"column":4},"end":{"line":1222,"column":5}},"72":{"start":{"line":200,"column":8},"end":{"line":200,"column":25}},"73":{"start":{"line":201,"column":8},"end":{"line":201,"column":33}},"74":{"start":{"line":202,"column":8},"end":{"line":202,"column":41}},"75":{"start":{"line":203,"column":8},"end":{"line":206,"column":10}},"76":{"start":{"line":204,"column":36},"end":{"line":204,"column":68}},"77":{"start":{"line":205,"column":36},"end":{"line":205,"column":76}},"78":{"start":{"line":207,"column":8},"end":{"line":209,"column":10}},"79":{"start":{"line":208,"column":12},"end":{"line":208,"column":59}},"80":{"start":{"line":210,"column":8},"end":{"line":212,"column":10}},"81":{"start":{"line":211,"column":12},"end":{"line":211,"column":40}},"82":{"start":{"line":213,"column":8},"end":{"line":265,"column":10}},"83":{"start":{"line":214,"column":12},"end":{"line":216,"column":13}},"84":{"start":{"line":215,"column":16},"end":{"line":215,"column":100}},"85":{"start":{"line":217,"column":12},"end":{"line":220,"column":13}},"86":{"start":{"line":218,"column":16},"end":{"line":218,"column":74}},"87":{"start":{"line":219,"column":16},"end":{"line":219,"column":58}},"88":{"start":{"line":221,"column":12},"end":{"line":230,"column":13}},"89":{"start":{"line":222,"column":16},"end":{"line":229,"column":17}},"90":{"start":{"line":223,"column":20},"end":{"line":223,"column":61}},"91":{"start":{"line":224,"column":20},"end":{"line":224,"column":64}},"92":{"start":{"line":227,"column":20},"end":{"line":227,"column":62}},"93":{"start":{"line":228,"column":20},"end":{"line":228,"column":65}},"94":{"start":{"line":231,"column":12},"end":{"line":233,"column":13}},"95":{"start":{"line":232,"column":16},"end":{"line":232,"column":60}},"96":{"start":{"line":234,"column":12},"end":{"line":236,"column":13}},"97":{"start":{"line":235,"column":16},"end":{"line":235,"column":64}},"98":{"start":{"line":237,"column":12},"end":{"line":239,"column":13}},"99":{"start":{"line":238,"column":16},"end":{"line":238,"column":82}},"100":{"start":{"line":240,"column":12},"end":{"line":242,"column":13}},"101":{"start":{"line":241,"column":16},"end":{"line":241,"column":72}},"102":{"start":{"line":243,"column":12},"end":{"line":245,"column":13}},"103":{"start":{"line":244,"column":16},"end":{"line":244,"column":62}},"104":{"start":{"line":246,"column":12},"end":{"line":248,"column":13}},"105":{"start":{"line":247,"column":16},"end":{"line":247,"column":62}},"106":{"start":{"line":249,"column":12},"end":{"line":254,"column":13}},"107":{"start":{"line":250,"column":16},"end":{"line":250,"column":60}},"108":{"start":{"line":253,"column":16},"end":{"line":253,"column":165}},"109":{"start":{"line":255,"column":12},"end":{"line":257,"column":13}},"110":{"start":{"line":256,"column":16},"end":{"line":256,"column":58}},"111":{"start":{"line":258,"column":12},"end":{"line":263,"column":13}},"112":{"start":{"line":259,"column":16},"end":{"line":259,"column":44}},"113":{"start":{"line":260,"column":16},"end":{"line":262,"column":19}},"114":{"start":{"line":261,"column":20},"end":{"line":261,"column":43}},"115":{"start":{"line":264,"column":12},"end":{"line":264,"column":46}},"116":{"start":{"line":266,"column":8},"end":{"line":277,"column":10}},"117":{"start":{"line":267,"column":12},"end":{"line":276,"column":13}},"118":{"start":{"line":269,"column":16},"end":{"line":269,"column":61}},"119":{"start":{"line":270,"column":16},"end":{"line":270,"column":39}},"120":{"start":{"line":271,"column":16},"end":{"line":271,"column":28}},"121":{"start":{"line":274,"column":16},"end":{"line":274,"column":31}},"122":{"start":{"line":275,"column":16},"end":{"line":275,"column":29}},"123":{"start":{"line":278,"column":8},"end":{"line":298,"column":10}},"124":{"start":{"line":279,"column":12},"end":{"line":287,"column":14}},"125":{"start":{"line":280,"column":16},"end":{"line":286,"column":17}},"126":{"start":{"line":281,"column":20},"end":{"line":281,"column":51}},"127":{"start":{"line":284,"column":20},"end":{"line":284,"column":98}},"128":{"start":{"line":285,"column":20},"end":{"line":285,"column":37}},"129":{"start":{"line":288,"column":12},"end":{"line":296,"column":13}},"130":{"start":{"line":289,"column":16},"end":{"line":289,"column":47}},"131":{"start":{"line":290,"column":16},"end":{"line":292,"column":17}},"132":{"start":{"line":291,"column":20},"end":{"line":291,"column":45}},"133":{"start":{"line":295,"column":16},"end":{"line":295,"column":38}},"134":{"start":{"line":297,"column":12},"end":{"line":297,"column":24}},"135":{"start":{"line":299,"column":8},"end":{"line":315,"column":10}},"136":{"start":{"line":300,"column":12},"end":{"line":300,"column":30}},"137":{"start":{"line":301,"column":12},"end":{"line":313,"column":13}},"138":{"start":{"line":302,"column":16},"end":{"line":302,"column":65}},"139":{"start":{"line":303,"column":16},"end":{"line":308,"column":17}},"140":{"start":{"line":304,"column":20},"end":{"line":304,"column":58}},"141":{"start":{"line":305,"column":20},"end":{"line":307,"column":21}},"142":{"start":{"line":306,"column":24},"end":{"line":306,"column":41}},"143":{"start":{"line":309,"column":16},"end":{"line":309,"column":53}},"144":{"start":{"line":310,"column":16},"end":{"line":312,"column":17}},"145":{"start":{"line":311,"column":20},"end":{"line":311,"column":54}},"146":{"start":{"line":314,"column":12},"end":{"line":314,"column":28}},"147":{"start":{"line":316,"column":8},"end":{"line":318,"column":10}},"148":{"start":{"line":317,"column":12},"end":{"line":317,"column":45}},"149":{"start":{"line":319,"column":8},"end":{"line":327,"column":10}},"150":{"start":{"line":320,"column":12},"end":{"line":324,"column":13}},"151":{"start":{"line":321,"column":16},"end":{"line":323,"column":71}},"152":{"start":{"line":322,"column":20},"end":{"line":322,"column":57}},"153":{"start":{"line":325,"column":12},"end":{"line":325,"column":52}},"154":{"start":{"line":326,"column":12},"end":{"line":326,"column":43}},"155":{"start":{"line":328,"column":8},"end":{"line":330,"column":10}},"156":{"start":{"line":329,"column":12},"end":{"line":329,"column":42}},"157":{"start":{"line":331,"column":8},"end":{"line":335,"column":10}},"158":{"start":{"line":332,"column":12},"end":{"line":334,"column":22}},"159":{"start":{"line":333,"column":16},"end":{"line":333,"column":33}},"160":{"start":{"line":336,"column":8},"end":{"line":338,"column":10}},"161":{"start":{"line":337,"column":12},"end":{"line":337,"column":47}},"162":{"start":{"line":339,"column":8},"end":{"line":413,"column":10}},"163":{"start":{"line":340,"column":12},"end":{"line":340,"column":53}},"164":{"start":{"line":341,"column":12},"end":{"line":341,"column":28}},"165":{"start":{"line":342,"column":12},"end":{"line":342,"column":55}},"166":{"start":{"line":343,"column":12},"end":{"line":343,"column":52}},"167":{"start":{"line":345,"column":12},"end":{"line":373,"column":13}},"168":{"start":{"line":346,"column":16},"end":{"line":346,"column":47}},"169":{"start":{"line":347,"column":16},"end":{"line":359,"column":17}},"170":{"start":{"line":349,"column":20},"end":{"line":354,"column":21}},"171":{"start":{"line":350,"column":24},"end":{"line":350,"column":82}},"172":{"start":{"line":353,"column":24},"end":{"line":353,"column":95}},"173":{"start":{"line":358,"column":20},"end":{"line":358,"column":91}},"174":{"start":{"line":361,"column":16},"end":{"line":369,"column":17}},"175":{"start":{"line":363,"column":20},"end":{"line":365,"column":21}},"176":{"start":{"line":364,"column":24},"end":{"line":364,"column":55}},"177":{"start":{"line":368,"column":20},"end":{"line":368,"column":47}},"178":{"start":{"line":372,"column":16},"end":{"line":372,"column":213}},"179":{"start":{"line":375,"column":12},"end":{"line":390,"column":13}},"180":{"start":{"line":376,"column":16},"end":{"line":389,"column":19}},"181":{"start":{"line":378,"column":20},"end":{"line":378,"column":59}},"182":{"start":{"line":380,"column":20},"end":{"line":380,"column":96}},"183":{"start":{"line":382,"column":20},"end":{"line":382,"column":96}},"184":{"start":{"line":384,"column":20},"end":{"line":388,"column":21}},"185":{"start":{"line":385,"column":24},"end":{"line":387,"column":25}},"186":{"start":{"line":386,"column":28},"end":{"line":386,"column":56}},"187":{"start":{"line":392,"column":12},"end":{"line":406,"column":13}},"188":{"start":{"line":393,"column":16},"end":{"line":405,"column":19}},"189":{"start":{"line":395,"column":20},"end":{"line":395,"column":60}},"190":{"start":{"line":397,"col
[...]
roperties.helpers.redirectRecognizedTextOutput) === \"function\") {","                                _this.artyomProperties.helpers.redirectRecognizedTextOutput(identificated, true);","                            }","                            if ((comando.result !== false) && (_this.artyomProperties.recognizing === true)) {","                                _this.debug(\"<< Executing Matching Recognition in normal mode >>\", \"info\");","                                _this.artyomWSR.stop();","                                _this.artyomProperties.recognizing = false;","                                // Execute the command if smart","                                if (comando.wildcard) {","                                    comando.objeto.action(comando.indice, comando.wildcard.item, comando.wildcard.full);","                                }","                                else {","                                    comando.objeto.action(comando.indice);","                                }","                                break;","                            }","                        }","                        else {","                            // Redirect output when necesary","                            if (typeof (_this.artyomProperties.helpers.redirectRecognizedTextOutput) === \"function\") {","                                _this.artyomProperties.helpers.redirectRecognizedTextOutput(identificated, false);","                            }","                            if (typeof (_this.artyomProperties.executionKeyword) === \"string\") {","                                if (identificated.indexOf(_this.artyomProperties.executionKeyword) !== -1) {","                                    var comando = _this.artyomExecute(identificated.replace(_this.artyomProperties.executionKeyword, '').trim());","                                    if ((comando.result !== false) && (_this.artyomProperties.recognizing === true)) {","                                        _this.debug(\"<< Executing command ordered by ExecutionKeyword >>\", 'info');","                                        _this.artyomWSR.stop();","                                        _this.artyomProperties.recognizing = false;","                                        // Executing Command Action","                                        if (comando.wildcard) {","                                            comando.objeto.action(comando.indice, comando.wildcard.item, comando.wildcard.full);","                                        }","                                        else {","                                            comando.objeto.action(comando.indice);","                                        }","                                        break;","                                    }","                                }","                            }","                            _this.debug(\"Normal mode : \" + identificated);","                        }","                    }","                };","            }","            // Process the recognition in quick mode","            if (_this.artyomProperties.mode === \"quick\") {","                onResultProcessor = function (event) {","                    if (!_this.artyomCommands.length) {","                        _this.debug(\"No commands to process.\");","                        return;","                    }","                    ArtyomHelpers.artyomTriggerEvent(ArtyomGlobalEvents.TEXT_RECOGNIZED);","                    var cantidadResultados = event.results.length;","                    for (var i = event.resultIndex; i < cantidadResultados; ++i) {","                        var identificated = event.results[i][0].transcript;","                        if (!event.results[i].isFinal) {","                            var comando = _this.artyomExecute(identificated.trim());","                            // Redirect output when necesary","                            if (typeof (_this.artyomProperties.helpers.redirectRecognizedTextOutput) === \"function\") {","                                _this.artyomProperties.helpers.redirectRecognizedTextOutput(identificated, true);","                            }","                            if ((comando.result !== false) && (_this.artyomProperties.recognizing == true)) {","                                _this.debug(\"<< Executing Matching Recognition in quick mode >>\", \"info\");","                                _this.artyomWSR.stop();","                                _this.artyomProperties.recognizing = false;","                                // Executing Command Action","                                if (comando.wildcard) {","                                    comando.objeto.action(comando.indice, comando.wildcard.item);","                                }","                                else {","                                    comando.objeto.action(comando.indice);","                                }","                                break;","                            }","                        }","                        else {","                            var comando = _this.artyomExecute(identificated.trim());","                            // Redirect output when necesary","                            if (_this.artyomProperties.helpers && typeof (_this.artyomProperties.helpers.redirectRecognizedTextOutput) === \"function\") {","                                _this.artyomProperties.helpers.redirectRecognizedTextOutput(identificated, false);","                            }","                            if ((comando.result !== false) && (_this.artyomProperties.recognizing == true)) {","                                _this.debug(\"<< Executing Matching Recognition in quick mode >>\", \"info\");","                                _this.artyomWSR.stop();","                                _this.artyomProperties.recognizing = false;","                                // Executing Command Action","                                if (comando.wildcard) {","                                    if (comando.objeto && typeof (comando.indice) === 'number') {","                                        comando.objeto.action(comando.indice, comando.wildcard.item);","                                    }","                                }","                                else {","                                    if (comando.objeto && typeof (comando.indice) === 'number') {","                                        comando.objeto.action(comando.indice);","                                    }","                                }","                                break;","                            }","                        }","                        _this.debug(\"Quick mode : \" + identificated);","                    }","                };","            }","            // Process the recognition in remote mode","            if (_this.artyomProperties.mode == \"remote\") {","                onResultProcessor = function (event) {","                    ArtyomHelpers.artyomTriggerEvent(ArtyomGlobalEvents.TEXT_RECOGNIZED);","                    var cantidadResultados = event.results.length;","                    if (_this.artyomProperties.helpers && typeof (_this.artyomProperties.helpers.remoteProcessorHandler) !== \"function\") {","                        return _this.debug(\"The remoteProcessorService is undefined.\", \"warn\");","                    }","                    for (var i = event.resultIndex; i < cantidadResultados; ++i) {","                        var identificated = event.results[i][0].transcript;","                        if (_this.artyomProperties.helpers) {","                            _this.artyomProperties.helpers.remoteProcessorHandler({","                                text: identificated,","                                isFinal: event.results[i].isFinal","                            });","                        }","                    }","                };","            }","            /**","             * Process the recognition event with the previously declared processor function.","            */","            _this.artyomWSR.onresult = function (event) {","                if (_this.artyomProperties.obeying) {","                    onResultProcessor(event);","                }","                else {","                    // Handle obeyKeyword if exists and artyom is not obeying","                    if (!_this.artyomProperties.obeyKeyword) {","                        return;","                    }","                    var temporal = \"\";","                    var interim = \"\";","                    var resultsLength = event.results.length;","                    for (var i = 0; i < resultsLength; ++i) {","                        if (event.results[i].final) {","                            temporal += event.results[i][0].transcript;","                        }","                        else {","                            interim += event.results[i][0].transcript;","                        }","                    }","                    _this.debug(\"Artyom is not obeying\", \"warn\");","                    // If the obeyKeyword is found in the recognized text enable command recognition again","                    if (((interim).indexOf(_this.artyomProperties.obeyKeyword) > -1) || (temporal).indexOf(_this.artyomProperties.obeyKeyword) > -1) {","                        _this.artyomProperties.obeying = true;","                    }","                }","            };","            if (_this.artyomProperties.recognizing) {","                _this.artyomWSR.stop();","                _this.debug(\"Event reached : \" + ArtyomGlobalEvents.COMMAND_RECOGNITION_END);","                ArtyomHelpers.artyomTriggerEvent(ArtyomGlobalEvents.COMMAND_RECOGNITION_END);","            }","            else {","                try {","                    _this.artyomWSR.start();","                }","                catch (e) {","                    ArtyomHelpers.artyomTriggerEvent(ArtyomGlobalEvents.ERROR, {","                        code: \"recognition_overlap\",","                        message: \"A webkitSpeechRecognition instance has been started while there's already running. Is recommendable to restart the Browser\"","                    });","                }","            }","        };","        this.getNativeApi = function () {","            return _this.artyomWSR;","        };","        this.isRecognizing = function () {","            return !!_this.artyomProperties.recognizing;","        };","        this.isSpeaking = function () {","            return !!_this.artyomProperties.speaking;","        };","        this.clearGarbageCollection = function () {","            // Review this return, because it will always return true","            return _this.artyomGarbageCollector = [];","        };","        this.getGarbageCollection = function () {","            return _this.artyomGarbageCollector;","        };","        this.dontObey = function () {","            // Comprobar tipo devuelto -> siempre false?","            return _this.artyomProperties.obeying = false;","        };","        this.obey = function () {","            // Check returned type ? alway true","            return _this.artyomProperties.obeying = true;","        };","        this.isObeying = function () {","            return !!_this.artyomProperties.obeying;","        };","        this.getVersion = function () {","            return \"1.0.5\";","        };","        this.on = function (indexes, smart) {","            return {","                then: function (action) {","                    var command = {","                        indexes: indexes,","                        action: action,","                        smart: false","                    };","                    if (smart) {","                        command.smart = true;","                    }","                    _this.addCommands(command);","                }","            };","        };","        this.remoteProcessorService = function (action) {","            if (_this.artyomProperties.helpers) {","                _this.artyomProperties.helpers.remoteProcessorHandler = action;","            }","            return true;","        };","        // Load browser voices as soon as possible","        if (window.hasOwnProperty('speechSynthesis')) {","            speechSynthesis.getVoices();","        }","        if (window.hasOwnProperty('webkitSpeechRecognition')) {","            var webkitSpeechRecognition_1 = window.webkitSpeechRecognition;","            this.artyomWSR = new webkitSpeechRecognition_1();","        }","        // Default values","        this.artyomProperties = {","            lang: 'en-GB',","            recognizing: false,","            continuous: false,","            speed: 1,","            volume: 1,","            listen: false,","            mode: 'normal',","            debug: false,","            helpers: {","                redirectRecognizedTextOutput: null,","                remoteProcessorHandler: null,","                lastSay: null","            },","            executionKeyword: null,","            obeyKeyword: null,","            speaking: false,","            obeying: true,","            soundex: false","        };","        // Recognition","        this.artyomFlags = {","            restartRecognition: false","        };","        // Default voice","        this.artyomVoice = {","            \"default\": false,","            lang: \"en-GB\",","            localService: false,","            name: \"Google UK English Male\",","            voiceURI: \"Google UK English Male\"","        };","    }","    return ArtyomJsImpl;","}());","exports.ArtyomJsImpl = ArtyomJsImpl;","/**"," * Artyom.js requires webkitSpeechRecognition and speechSynthesis APIs"," *"," * @license MIT"," * @version 1.0.4"," * @copyright 2017 Our Code World All Rights Reserved."," * @author semagarcia (TypeScript version) - https://github.com/semagarcia"," * @see https://sdkcarlos.github.io/sites/artyom.html"," * @see http://docs.ourcodeworld.com/projects/artyom-js"," */","var ArtyomBuilder = (function () {","    function ArtyomBuilder() {","        var artyom;","        var artyomVoice = 'Google UK English Male';","        var artyom_garbage_collector = [];","        var artyomCommands = [];","    }","    ArtyomBuilder.getInstance = function () {","        if (!ArtyomBuilder.instance) {","            // Protect the instance to be inherited","            ArtyomBuilder.instance = Object.preventExtensions(new ArtyomJsImpl());","        }","        // Return the instance","        return ArtyomBuilder.instance;","    };","    return ArtyomBuilder;","}());","exports.ArtyomBuilder = ArtyomBuilder;",""],"l":{"5":1,"6":1,"15":1,"16":0,"17":0,"19":0,"20":0,"22":0,"23":0,"26":0,"27":0,"29":0,"30":0,"32":0,"33":0,"35":0,"36":0,"38":0,"39":0,"41":0,"42":0,"44":0,"45":0,"47":0,"48":0,"50":0,"51":0,"53":0,"54":0,"56":0,"57":0,"59":0,"60":0,"62":0,"63":0,"65":0,"66":0,"68":0,"69":0,"71":0,"72":0,"73":0,"74":0,"75":0,"76":0,"78":0,"79":0,"80":0,"83":0,"91":1,"92":0,"117":0,"120":0,"123":0,"126":0,"128":1,"133":1,"134":1,"140":1,"141":0,"147":1,"148":0,"162":1,"163":0,"164":0,"165":0,"168":1,"170":1,"180":1,"198":1,"199":1,"200":0,"201":0,"202":0,"203":0,"204":0,"205":0,"207":0,"208":0,"210":0,"211":0,"213":0,"214":0,"215":0,"217":0,"218":0,"219":0,"221":0,"222":0,"223":0,"224":0,"227":0,"228":0,"231":0,"232":0,"234":0,"235":0,"237":0,"238":0,"240":0,"241":0,"243":0,"244":0,"246":0,"247":0,"249":0,"250":0,"253":0,"255":0,"256":0,"258":0,"259":0,"260":0,"261":0,"264":0,"266":0,"267":0,"269":0,"270":0,"271":0,"274":0,"275":0,"278":0,"279":0,"280":0,"281":0,"284":0,"285":0,"288":0,"289":0,"290":0,"291":0,"295":0,"297":0,"299":0,"300":0,"301":0,"302":0,"303":0,"304":0,"305":0,"306":0,"309":0,"310":0,"311":0,"314":0,"316":0,"317":0,"319":0,"320":0,"321":0,"322":0,"325":0,"326":0,"328":0,"329":0,"331":0,"332":0,"333":0,"336":0,"337":0,"339":0,"340":0,"341":0,"342":0,"343":0,"345":0,"346":0,"347":0,"349":0,"350":0,"353":0,"358":0,"361":0,"363":0,"364":0,"368":0,"372":0,"375":0,"376":0,"378":0,"380":0,"382":0,"384":0,"385":0,"386":0,"392":0,"393":0,"395":0,"397":0,"398":0,"400":0,"401":0,"402":0,"408":0,"411":0,"412":0,"414":0,"415":0,"416":0,"417":0,"418":0,"419":0,"420":0,"421":0,"422":0,"423":0,"424":0,"427":0,"428":0,"430":0,"431":0,"432":0,"433":0,"434":0,"435":0,"437":0,"439":0,"440":0,"442":0,"444":0,"446":0,"450":0,"455":0,"458":0,"460":0,"461":0,"462":0,"463":0,"467":0,"473":0,"477":0,"481":0,"482":0,"483":0,"484":0,"487":0,"488":0,"492":0,"493":0,"495":0,"496":0,"498":0,"499":0,"500":0,"501":0,"503":0,"504":0,"505":0,"506":0,"507":0,"510":0,"511":0,"513":0,"516":0,"517":0,"520":0,"521":0,"522":0,"523":0,"533":0,"534":0,"536":0,"537":0,"538":0,"539":0,"540":0,"541":0,"542":0,"543":0,"544":0,"545":0,"547":0,"549":0,"550":0,"551":0,"555":0,"557":0,"558":0,"559":0,"560":0,"563":0,"564":0,"567":0,"568":0,"569":0,"570":0,"571":0,"572":0,"576":0,"577":0,"578":0,"579":0,"582":0,"583":0,"584":0,"590":0,"593":0,"594":0,"595":0,"598":0,"599":0,"600":0,"612":0,"613":0,"614":0,"615":0,"616":0,"618":0,"619":0,"620":0,"621":0,"623":0,"624":0,"625":0,"626":0,"628":0,"629":0,"630":0,"631":0,"634":0,"635":0,"636":0,"645":0,"646":0,"647":0,"648":0,"649":0,"651":0,"652":0,"653":0,"654":0,"656":0,"657":0,"658":0,"659":0,"660":0,"662":0,"663":0,"664":0,"665":0,"668":0,"669":0,"670":0,"687":0,"688":0,"689":0,"690":0,"691":0,"692":0,"693":0,"694":0,"695":0,"696":0,"697":0,"699":0,"700":0,"701":0,"702":0,"703":0,"713":0,"714":0,"715":0,"722":0,"723":0,"724":0,"726":0,"727":0,"729":0,"730":0,"732":0,"733":0,"735":0,"736":0,"740":0,"741":0,"742":0,"743":0,"745":0,"746":0,"748":0,"749":0,"750":0,"751":0,"752":0,"758":0,"759":0,"762":0,"763":0,"764":0,"765":0,"767":0,"768":0,"769":0,"770":0,"771":0,"772":0,"773":0,"774":0,"775":0,"776":0,"777":0,"780":0,"783":0,"784":0,"787":0,"788":0,"789":0,"790":0,"791":0,"792":0,"793":0,"794":0,"796":0,"797":0,"798":0,"799":0,"803":0,"804":0,"805":0,"806":0,"809":0,"810":0,"811":0,"815":0,"817":0,"818":0,"819":0,"821":0,"822":0,"826":0,"827":0,"828":0,"830":0,"831":0,"832":0,"837":0,"838":0,"839":0,"840":0,"841":0,"843":0,"846":0,"847":0,"848":0,"850":0,"852":0,"853":0,"857":0,"858":0,"863":0,"864":0,"865":0,"870":0,"871":0,"872":0,"873":0,"876":0,"877":0,"879":0,"880":0,"881":0,"882":0,"883":0,"884":0,"885":0,"892":0,"893":0,"895":0,"898":0,"899":0,"901":0,"902":0,"903":0,"904":0,"910":0,"920":0,"921":0,"922":0,"923":0,"924":0,"927":0,"929":0,"935":0,"940":0,"945":0,"947":0,"948":0,"949":0,"950":0,"951":0,"953":0,"954":0,"955":0,"956":0,"957":0,"958":0,"960":0,"961":0,"963":0,"964":0,"965":0,"966":0,"968":0,"969":0,"972":0,"974":0,"979":0,"980":0,"982":0,"983":0,"984":0,"985":0,"986":0,"987":0,"988":0,"990":0,"991":0,"994":0,"996":0,"1000":0,"1006":0,"1007":0,"1008":0,"1009":0,"1010":0,"1012":0,"1013":0,"1014":0,"1015":0,"1016":0,"1017":0,"1019":0,"1020":0,"1022":0,"1023":0,"1024":0,"1025":0,"1027":0,"1028":0,"1031":0,"1033":0,"1037":0,"1039":0,"1040":0,"1042":0,"1043":0,"1044":0,"1045":0,"1047":0,"1048":0,"1049":0,"1053":0,"1054":0,"1057":0,"1060":0,"1065":0,"1066":0,"1067":0,"1068":0,"1069":0,"1070":0,"1072":0,"1073":0,"1074":0,"1075":0,"1086":0,"1087":0,"1088":0,"1092":0,"1093":0,"1095":0,"1096":0,"1097":0,"1098":0,"1099":0,"1100":0,"1103":0,"1106":0,"1108":0,"1109":0,"1113":0,"1114":0,"1115":0,"1116":0,"1119":0,"1120":0,"1123":0,"1130":0,"1131":0,"1133":0,"1134":0,"1136":0,"1137":0,"1139":0,"1141":0,"1143":0,"1144":0,"1146":0,"1148":0,"1150":0,"1152":0,"1154":0,"1155":0,"1157":0,"1158":0,"1160":0,"1161":0,"1163":0,"1168":0,"1169":0,"1171":0,"1175":0,"1176":0,"1177":0,"1179":0,"1182":0,"1183":0,"1185":0,"1186":0,"1187":0,"1190":0,"1211":0,"1215":0,"1223":1,"1225":1,"1236":1,"1237":1,"1238":0,"1239":0,"1240":0,"1241":0,"1243":1,"1244":0,"1246":0,"1249":0,"1251":1,"1253":1}}}